{"/Users/juan.bustamante/personal/zentraqms/frontend/dist/assets/AuditoriasPage-2ZAfKVyY.js": {"path":"/Users/juan.bustamante/personal/zentraqms/frontend/dist/assets/AuditoriasPage-2ZAfKVyY.js","all":true,"statementMap":{"0":{"start":{"line":1,"column":0},"end":{"line":1,"column":1336}}},"s":{"0":0},"branchMap":{"0":{"type":"branch","line":1,"loc":{"start":{"line":1,"column":1336},"end":{"line":1,"column":1336}},"locations":[{"start":{"line":1,"column":1336},"end":{"line":1,"column":1336}}]}},"b":{"0":[0]},"fnMap":{"0":{"name":"(empty-report)","decl":{"start":{"line":1,"column":1336},"end":{"line":1,"column":1336}},"loc":{"start":{"line":1,"column":1336},"end":{"line":1,"column":1336}},"line":1}},"f":{"0":0}}
,"/Users/juan.bustamante/personal/zentraqms/frontend/dist/assets/Dashboard-D5UgPg-k.js": {"path":"/Users/juan.bustamante/personal/zentraqms/frontend/dist/assets/Dashboard-D5UgPg-k.js","all":true,"statementMap":{"0":{"start":{"line":1,"column":0},"end":{"line":1,"column":6620}}},"s":{"0":0},"branchMap":{"0":{"type":"branch","line":1,"loc":{"start":{"line":1,"column":6620},"end":{"line":1,"column":6620}},"locations":[{"start":{"line":1,"column":6620},"end":{"line":1,"column":6620}}]}},"b":{"0":[0]},"fnMap":{"0":{"name":"(empty-report)","decl":{"start":{"line":1,"column":6620},"end":{"line":1,"column":6620}},"loc":{"start":{"line":1,"column":6620},"end":{"line":1,"column":6620}},"line":1}},"f":{"0":0}}
,"/Users/juan.bustamante/personal/zentraqms/frontend/dist/assets/IndicadoresPage-BuN_kyrk.js": {"path":"/Users/juan.bustamante/personal/zentraqms/frontend/dist/assets/IndicadoresPage-BuN_kyrk.js","all":true,"statementMap":{"0":{"start":{"line":1,"column":0},"end":{"line":1,"column":1321}}},"s":{"0":0},"branchMap":{"0":{"type":"branch","line":1,"loc":{"start":{"line":1,"column":1321},"end":{"line":1,"column":1321}},"locations":[{"start":{"line":1,"column":1321},"end":{"line":1,"column":1321}}]}},"b":{"0":[0]},"fnMap":{"0":{"name":"(empty-report)","decl":{"start":{"line":1,"column":1321},"end":{"line":1,"column":1321}},"loc":{"start":{"line":1,"column":1321},"end":{"line":1,"column":1321}},"line":1}},"f":{"0":0}}
,"/Users/juan.bustamante/personal/zentraqms/frontend/dist/assets/LoginPage-D2uOGwxK.js": {"path":"/Users/juan.bustamante/personal/zentraqms/frontend/dist/assets/LoginPage-D2uOGwxK.js","all":true,"statementMap":{"0":{"start":{"line":1,"column":0},"end":{"line":1,"column":30001}}},"s":{"0":0},"branchMap":{"0":{"type":"branch","line":1,"loc":{"start":{"line":1,"column":30001},"end":{"line":1,"column":30001}},"locations":[{"start":{"line":1,"column":30001},"end":{"line":1,"column":30001}}]}},"b":{"0":[0]},"fnMap":{"0":{"name":"(empty-report)","decl":{"start":{"line":1,"column":30001},"end":{"line":1,"column":30001}},"loc":{"start":{"line":1,"column":30001},"end":{"line":1,"column":30001}},"line":1}},"f":{"0":0}}
,"/Users/juan.bustamante/personal/zentraqms/frontend/dist/assets/NormogramaPage-CvT4lqto.js": {"path":"/Users/juan.bustamante/personal/zentraqms/frontend/dist/assets/NormogramaPage-CvT4lqto.js","all":true,"statementMap":{"0":{"start":{"line":1,"column":0},"end":{"line":1,"column":1307}}},"s":{"0":0},"branchMap":{"0":{"type":"branch","line":1,"loc":{"start":{"line":1,"column":1307},"end":{"line":1,"column":1307}},"locations":[{"start":{"line":1,"column":1307},"end":{"line":1,"column":1307}}]}},"b":{"0":[0]},"fnMap":{"0":{"name":"(empty-report)","decl":{"start":{"line":1,"column":1307},"end":{"line":1,"column":1307}},"loc":{"start":{"line":1,"column":1307},"end":{"line":1,"column":1307}},"line":1}},"f":{"0":0}}
,"/Users/juan.bustamante/personal/zentraqms/frontend/dist/assets/NotFoundPage-BKxCDmQG.js": {"path":"/Users/juan.bustamante/personal/zentraqms/frontend/dist/assets/NotFoundPage-BKxCDmQG.js","all":true,"statementMap":{"0":{"start":{"line":1,"column":0},"end":{"line":1,"column":2726}}},"s":{"0":0},"branchMap":{"0":{"type":"branch","line":1,"loc":{"start":{"line":1,"column":2726},"end":{"line":1,"column":2726}},"locations":[{"start":{"line":1,"column":2726},"end":{"line":1,"column":2726}}]}},"b":{"0":[0]},"fnMap":{"0":{"name":"(empty-report)","decl":{"start":{"line":1,"column":2726},"end":{"line":1,"column":2726}},"loc":{"start":{"line":1,"column":2726},"end":{"line":1,"column":2726}},"line":1}},"f":{"0":0}}
,"/Users/juan.bustamante/personal/zentraqms/frontend/dist/assets/ProcesosPage-BdklpO6T.js": {"path":"/Users/juan.bustamante/personal/zentraqms/frontend/dist/assets/ProcesosPage-BdklpO6T.js","all":true,"statementMap":{"0":{"start":{"line":1,"column":0},"end":{"line":1,"column":1341}}},"s":{"0":0},"branchMap":{"0":{"type":"branch","line":1,"loc":{"start":{"line":1,"column":1341},"end":{"line":1,"column":1341}},"locations":[{"start":{"line":1,"column":1341},"end":{"line":1,"column":1341}}]}},"b":{"0":[0]},"fnMap":{"0":{"name":"(empty-report)","decl":{"start":{"line":1,"column":1341},"end":{"line":1,"column":1341}},"loc":{"start":{"line":1,"column":1341},"end":{"line":1,"column":1341}},"line":1}},"f":{"0":0}}
,"/Users/juan.bustamante/personal/zentraqms/frontend/dist/assets/ProfilePage-BEbRo_Ct.js": {"path":"/Users/juan.bustamante/personal/zentraqms/frontend/dist/assets/ProfilePage-BEbRo_Ct.js","all":true,"statementMap":{"0":{"start":{"line":1,"column":0},"end":{"line":1,"column":2607}}},"s":{"0":0},"branchMap":{"0":{"type":"branch","line":1,"loc":{"start":{"line":1,"column":2607},"end":{"line":1,"column":2607}},"locations":[{"start":{"line":1,"column":2607},"end":{"line":1,"column":2607}}]}},"b":{"0":[0]},"fnMap":{"0":{"name":"(empty-report)","decl":{"start":{"line":1,"column":2607},"end":{"line":1,"column":2607}},"loc":{"start":{"line":1,"column":2607},"end":{"line":1,"column":2607}},"line":1}},"f":{"0":0}}
,"/Users/juan.bustamante/personal/zentraqms/frontend/dist/assets/index-BgdD-GDi.js": {"path":"/Users/juan.bustamante/personal/zentraqms/frontend/dist/assets/index-BgdD-GDi.js","all":true,"statementMap":{"0":{"start":{"line":1,"column":0},"end":{"line":1,"column":840}},"1":{"start":{"line":2,"column":0},"end":{"line":2,"column":17}},"2":{"start":{"line":3,"column":0},"end":{"line":3,"column":34}},"3":{"start":{"line":4,"column":0},"end":{"line":4,"column":2}},"4":{"start":{"line":5,"column":0},"end":{"line":5,"column":53}},"5":{"start":{"line":6,"column":0},"end":{"line":6,"column":2}},"6":{"start":{"line":7,"column":0},"end":{"line":7,"column":66}},"7":{"start":{"line":8,"column":0},"end":{"line":8,"column":58}},"8":{"start":{"line":9,"column":0},"end":{"line":9,"column":484}},"9":{"start":{"line":10,"column":0},"end":{"line":10,"column":17}},"10":{"start":{"line":11,"column":0},"end":{"line":11,"column":22}},"11":{"start":{"line":12,"column":0},"end":{"line":12,"column":2}},"12":{"start":{"line":13,"column":0},"end":{"line":13,"column":53}},"13":{"start":{"line":14,"column":0},"end":{"line":14,"column":2}},"14":{"start":{"line":15,"column":0},"end":{"line":15,"column":66}},"15":{"start":{"line":16,"column":0},"end":{"line":16,"column":58}},"16":{"start":{"line":17,"column":0},"end":{"line":17,"column":7865}},"17":{"start":{"line":18,"column":0},"end":{"line":18,"column":17}},"18":{"start":{"line":19,"column":0},"end":{"line":19,"column":26}},"19":{"start":{"line":20,"column":0},"end":{"line":20,"column":2}},"20":{"start":{"line":21,"column":0},"end":{"line":21,"column":53}},"21":{"start":{"line":22,"column":0},"end":{"line":22,"column":2}},"22":{"start":{"line":23,"column":0},"end":{"line":23,"column":66}},"23":{"start":{"line":24,"column":0},"end":{"line":24,"column":58}},"24":{"start":{"line":25,"column":0},"end":{"line":25,"column":3677}},"25":{"start":{"line":26,"column":0},"end":{"line":26,"column":17}},"26":{"start":{"line":27,"column":0},"end":{"line":27,"column":26}},"27":{"start":{"line":28,"column":0},"end":{"line":28,"column":2}},"28":{"start":{"line":29,"column":0},"end":{"line":29,"column":53}},"29":{"start":{"line":30,"column":0},"end":{"line":30,"column":2}},"30":{"start":{"line":31,"column":0},"end":{"line":31,"column":66}},"31":{"start":{"line":32,"column":0},"end":{"line":32,"column":58}},"32":{"start":{"line":33,"column":0},"end":{"line":33,"column":3609}},"33":{"start":{"line":34,"column":0},"end":{"line":34,"column":17}},"34":{"start":{"line":35,"column":0},"end":{"line":35,"column":33}},"35":{"start":{"line":36,"column":0},"end":{"line":36,"column":2}},"36":{"start":{"line":37,"column":0},"end":{"line":37,"column":53}},"37":{"start":{"line":38,"column":0},"end":{"line":38,"column":2}},"38":{"start":{"line":39,"column":0},"end":{"line":39,"column":66}},"39":{"start":{"line":40,"column":0},"end":{"line":40,"column":58}},"40":{"start":{"line":41,"column":0},"end":{"line":41,"column":10194}},"41":{"start":{"line":42,"column":0},"end":{"line":42,"column":75}},"42":{"start":{"line":43,"column":0},"end":{"line":43,"column":985}},"43":{"start":{"line":44,"column":0},"end":{"line":44,"column":14}},"44":{"start":{"line":45,"column":0},"end":{"line":45,"column":328}},"45":{"start":{"line":46,"column":0},"end":{"line":46,"column":633}},"46":{"start":{"line":47,"column":0},"end":{"line":47,"column":37}},"47":{"start":{"line":48,"column":0},"end":{"line":48,"column":123227}},"48":{"start":{"line":49,"column":0},"end":{"line":49,"column":34707}},"49":{"start":{"line":50,"column":0},"end":{"line":50,"column":22}},"50":{"start":{"line":51,"column":0},"end":{"line":51,"column":2}},"51":{"start":{"line":52,"column":0},"end":{"line":52,"column":36}},"52":{"start":{"line":53,"column":0},"end":{"line":53,"column":2}},"53":{"start":{"line":54,"column":0},"end":{"line":54,"column":66}},"54":{"start":{"line":55,"column":0},"end":{"line":55,"column":61}},"55":{"start":{"line":56,"column":0},"end":{"line":56,"column":2}},"56":{"start":{"line":57,"column":0},"end":{"line":57,"column":15}},"57":{"start":{"line":58,"column":0},"end":{"line":58,"column":10915}},"59":{"start":{"line":60,"column":0},"end":{"line":60,"column":60050}},"60":{"start":{"line":61,"column":0},"end":{"line":61,"column":29690}},"61":{"start":{"line":62,"column":0},"end":{"line":62,"column":2869}},"62":{"start":{"line":63,"column":0},"end":{"line":63,"column":11634}},"63":{"start":{"line":64,"column":0},"end":{"line":64,"column":18}},"64":{"start":{"line":65,"column":0},"end":{"line":65,"column":2228}},"65":{"start":{"line":66,"column":0},"end":{"line":66,"column":60072}}},"s":{"0":0,"1":0,"2":0,"3":0,"4":0,"5":0,"6":0,"7":0,"8":0,"9":0,"10":0,"11":0,"12":0,"13":0,"14":0,"15":0,"16":0,"17":0,"18":0,"19":0,"20":0,"21":0,"22":0,"23":0,"24":0,"25":0,"26":0,"27":0,"28":0,"29":0,"30":0,"31":0,"32":0,"33":0,"34":0,"35":0,"36":0,"37":0,"38":0,"39":0,"40":0,"41":0,"42":0,"43":0,"44":0,"45":0,"46":0,"47":0,"48":0,"49":0,"50":0,"51":0,"52":0,"53":0,"54":0,"55":0,"56":0,"57":0,"59":0,"60":0,"61":0,"62":0,"63":0,"64":0,"65":0},"branchMap":{"0":{"type":"branch","line":1,"loc":{"start":{"line":1,"column":365553},"end":{"line":66,"column":60072}},"locations":[{"start":{"line":1,"column":365553},"end":{"line":66,"column":60072}}]}},"b":{"0":[0]},"fnMap":{"0":{"name":"(empty-report)","decl":{"start":{"line":1,"column":365553},"end":{"line":66,"column":60072}},"loc":{"start":{"line":1,"column":365553},"end":{"line":66,"column":60072}},"line":1}},"f":{"0":0}}
,"/Users/juan.bustamante/personal/zentraqms/frontend/src/App.tsx": {"path":"/Users/juan.bustamante/personal/zentraqms/frontend/src/App.tsx","all":true,"statementMap":{"7":{"start":{"line":8,"column":0},"end":{"line":8,"column":40}},"8":{"start":{"line":9,"column":0},"end":{"line":9,"column":59}},"9":{"start":{"line":10,"column":0},"end":{"line":10,"column":73}},"10":{"start":{"line":11,"column":0},"end":{"line":11,"column":48}},"11":{"start":{"line":12,"column":0},"end":{"line":12,"column":47}},"14":{"start":{"line":15,"column":0},"end":{"line":15,"column":54}},"17":{"start":{"line":18,"column":0},"end":{"line":18,"column":62}},"18":{"start":{"line":19,"column":0},"end":{"line":19,"column":60}},"19":{"start":{"line":20,"column":0},"end":{"line":20,"column":58}},"22":{"start":{"line":23,"column":0},"end":{"line":23,"column":48}},"25":{"start":{"line":26,"column":0},"end":{"line":26,"column":69}},"26":{"start":{"line":27,"column":0},"end":{"line":27,"column":74}},"27":{"start":{"line":28,"column":0},"end":{"line":28,"column":79}},"28":{"start":{"line":29,"column":0},"end":{"line":29,"column":85}},"29":{"start":{"line":30,"column":0},"end":{"line":30,"column":85}},"30":{"start":{"line":31,"column":0},"end":{"line":31,"column":88}},"31":{"start":{"line":32,"column":0},"end":{"line":32,"column":76}},"32":{"start":{"line":33,"column":0},"end":{"line":33,"column":70}},"35":{"start":{"line":36,"column":0},"end":{"line":36,"column":31}},"36":{"start":{"line":37,"column":0},"end":{"line":37,"column":40}},"41":{"start":{"line":42,"column":0},"end":{"line":42,"column":37}},"42":{"start":{"line":43,"column":0},"end":{"line":43,"column":19}},"43":{"start":{"line":44,"column":0},"end":{"line":44,"column":14}},"44":{"start":{"line":45,"column":0},"end":{"line":45,"column":44}},"45":{"start":{"line":46,"column":0},"end":{"line":46,"column":15}},"46":{"start":{"line":47,"column":0},"end":{"line":47,"column":34}},"47":{"start":{"line":48,"column":0},"end":{"line":48,"column":6}},"48":{"start":{"line":49,"column":0},"end":{"line":49,"column":16}},"49":{"start":{"line":50,"column":0},"end":{"line":50,"column":15}},"50":{"start":{"line":51,"column":0},"end":{"line":51,"column":6}},"51":{"start":{"line":52,"column":0},"end":{"line":52,"column":4}},"52":{"start":{"line":53,"column":0},"end":{"line":53,"column":3}},"57":{"start":{"line":58,"column":0},"end":{"line":58,"column":36}},"58":{"start":{"line":59,"column":0},"end":{"line":59,"column":79}},"59":{"start":{"line":60,"column":0},"end":{"line":60,"column":32}},"60":{"start":{"line":61,"column":0},"end":{"line":61,"column":8}},"66":{"start":{"line":67,"column":0},"end":{"line":67,"column":84}},"67":{"start":{"line":68,"column":0},"end":{"line":68,"column":10}},"68":{"start":{"line":69,"column":0},"end":{"line":69,"column":14}},"69":{"start":{"line":70,"column":0},"end":{"line":70,"column":11}},"75":{"start":{"line":76,"column":0},"end":{"line":76,"column":29}},"76":{"start":{"line":77,"column":0},"end":{"line":77,"column":10}},"77":{"start":{"line":78,"column":0},"end":{"line":78,"column":19}},"78":{"start":{"line":79,"column":0},"end":{"line":79,"column":48}},"79":{"start":{"line":80,"column":0},"end":{"line":80,"column":22}},"80":{"start":{"line":81,"column":0},"end":{"line":81,"column":31}},"81":{"start":{"line":82,"column":0},"end":{"line":82,"column":48}},"82":{"start":{"line":83,"column":0},"end":{"line":83,"column":22}},"84":{"start":{"line":85,"column":0},"end":{"line":85,"column":24}},"85":{"start":{"line":86,"column":0},"end":{"line":86,"column":33}},"86":{"start":{"line":87,"column":0},"end":{"line":87,"column":43}},"87":{"start":{"line":88,"column":0},"end":{"line":88,"column":20}},"90":{"start":{"line":91,"column":0},"end":{"line":91,"column":24}},"91":{"start":{"line":92,"column":0},"end":{"line":92,"column":37}},"92":{"start":{"line":93,"column":0},"end":{"line":93,"column":29}},"93":{"start":{"line":94,"column":0},"end":{"line":94,"column":38}},"94":{"start":{"line":95,"column":0},"end":{"line":95,"column":41}},"95":{"start":{"line":96,"column":0},"end":{"line":96,"column":39}},"96":{"start":{"line":97,"column":0},"end":{"line":97,"column":42}},"97":{"start":{"line":98,"column":0},"end":{"line":98,"column":39}},"99":{"start":{"line":100,"column":0},"end":{"line":100,"column":20}},"101":{"start":{"line":102,"column":0},"end":{"line":102,"column":24}},"102":{"start":{"line":103,"column":0},"end":{"line":103,"column":36}},"103":{"start":{"line":104,"column":0},"end":{"line":104,"column":29}},"104":{"start":{"line":105,"column":0},"end":{"line":105,"column":38}},"105":{"start":{"line":106,"column":0},"end":{"line":106,"column":41}},"106":{"start":{"line":107,"column":0},"end":{"line":107,"column":42}},"107":{"start":{"line":108,"column":0},"end":{"line":108,"column":42}},"108":{"start":{"line":109,"column":0},"end":{"line":109,"column":39}},"110":{"start":{"line":111,"column":0},"end":{"line":111,"column":20}},"112":{"start":{"line":113,"column":0},"end":{"line":113,"column":24}},"113":{"start":{"line":114,"column":0},"end":{"line":114,"column":38}},"114":{"start":{"line":115,"column":0},"end":{"line":115,"column":29}},"115":{"start":{"line":116,"column":0},"end":{"line":116,"column":38}},"116":{"start":{"line":117,"column":0},"end":{"line":117,"column":41}},"117":{"start":{"line":118,"column":0},"end":{"line":118,"column":44}},"118":{"start":{"line":119,"column":0},"end":{"line":119,"column":42}},"119":{"start":{"line":120,"column":0},"end":{"line":120,"column":39}},"121":{"start":{"line":122,"column":0},"end":{"line":122,"column":20}},"123":{"start":{"line":124,"column":0},"end":{"line":124,"column":24}},"124":{"start":{"line":125,"column":0},"end":{"line":125,"column":38}},"125":{"start":{"line":126,"column":0},"end":{"line":126,"column":29}},"126":{"start":{"line":127,"column":0},"end":{"line":127,"column":38}},"127":{"start":{"line":128,"column":0},"end":{"line":128,"column":41}},"128":{"start":{"line":129,"column":0},"end":{"line":129,"column":44}},"129":{"start":{"line":130,"column":0},"end":{"line":130,"column":42}},"130":{"start":{"line":131,"column":0},"end":{"line":131,"column":39}},"132":{"start":{"line":133,"column":0},"end":{"line":133,"column":20}},"134":{"start":{"line":135,"column":0},"end":{"line":135,"column":24}},"135":{"start":{"line":136,"column":0},"end":{"line":136,"column":39}},"136":{"start":{"line":137,"column":0},"end":{"line":137,"column":29}},"137":{"start":{"line":138,"column":0},"end":{"line":138,"column":38}},"138":{"start":{"line":139,"column":0},"end":{"line":139,"column":41}},"139":{"start":{"line":140,"column":0},"end":{"line":140,"column":45}},"140":{"start":{"line":141,"column":0},"end":{"line":141,"column":42}},"141":{"start":{"line":142,"column":0},"end":{"line":142,"column":39}},"143":{"start":{"line":144,"column":0},"end":{"line":144,"column":20}},"145":{"start":{"line":146,"column":0},"end":{"line":146,"column":24}},"146":{"start":{"line":147,"column":0},"end":{"line":147,"column":35}},"147":{"start":{"line":148,"column":0},"end":{"line":148,"column":29}},"148":{"start":{"line":149,"column":0},"end":{"line":149,"column":38}},"149":{"start":{"line":150,"column":0},"end":{"line":150,"column":41}},"150":{"start":{"line":151,"column":0},"end":{"line":151,"column":41}},"151":{"start":{"line":152,"column":0},"end":{"line":152,"column":42}},"152":{"start":{"line":153,"column":0},"end":{"line":153,"column":39}},"154":{"start":{"line":155,"column":0},"end":{"line":155,"column":20}},"157":{"start":{"line":158,"column":0},"end":{"line":158,"column":24}},"158":{"start":{"line":159,"column":0},"end":{"line":159,"column":28}},"159":{"start":{"line":160,"column":0},"end":{"line":160,"column":66}},"160":{"start":{"line":161,"column":0},"end":{"line":161,"column":20}},"163":{"start":{"line":164,"column":0},"end":{"line":164,"column":24}},"164":{"start":{"line":165,"column":0},"end":{"line":165,"column":28}},"165":{"start":{"line":166,"column":0},"end":{"line":166,"column":46}},"166":{"start":{"line":167,"column":0},"end":{"line":167,"column":20}},"167":{"start":{"line":168,"column":0},"end":{"line":168,"column":25}},"168":{"start":{"line":169,"column":0},"end":{"line":169,"column":25}},"169":{"start":{"line":170,"column":0},"end":{"line":170,"column":18}},"172":{"start":{"line":173,"column":0},"end":{"line":173,"column":27}},"173":{"start":{"line":174,"column":0},"end":{"line":174,"column":34}},"174":{"start":{"line":175,"column":0},"end":{"line":175,"column":30}},"175":{"start":{"line":176,"column":0},"end":{"line":176,"column":37}},"176":{"start":{"line":177,"column":0},"end":{"line":177,"column":33}},"177":{"start":{"line":178,"column":0},"end":{"line":178,"column":26}},"178":{"start":{"line":179,"column":0},"end":{"line":179,"column":25}},"179":{"start":{"line":180,"column":0},"end":{"line":180,"column":30}},"180":{"start":{"line":181,"column":0},"end":{"line":181,"column":23}},"181":{"start":{"line":182,"column":0},"end":{"line":182,"column":26}},"182":{"start":{"line":183,"column":0},"end":{"line":183,"column":27}},"183":{"start":{"line":184,"column":0},"end":{"line":184,"column":14}},"184":{"start":{"line":185,"column":0},"end":{"line":185,"column":23}},"185":{"start":{"line":186,"column":0},"end":{"line":186,"column":28}},"186":{"start":{"line":187,"column":0},"end":{"line":187,"column":20}},"188":{"start":{"line":189,"column":0},"end":{"line":189,"column":2}},"190":{"start":{"line":191,"column":0},"end":{"line":191,"column":19}}},"s":{"7":0,"8":0,"9":0,"10":0,"11":0,"14":0,"17":0,"18":0,"19":0,"22":0,"25":0,"26":0,"27":0,"28":0,"29":0,"30":0,"31":0,"32":0,"35":0,"36":0,"41":0,"42":0,"43":0,"44":0,"45":0,"46":0,"47":0,"48":0,"49":0,"50":0,"51":0,"52":0,"57":0,"58":0,"59":0,"60":0,"66":0,"67":0,"68":0,"69":0,"75":0,"76":0,"77":0,"78":0,"79":0,"80":0,"81":0,"82":0,"84":0,"85":0,"86":0,"87":0,"90":0,"91":0,"92":0,"93":0,"94":0,"95":0,"96":0,"97":0,"99":0,"101":0,"102":0,"103":0,"104":0,"105":0,"106":0,"107":0,"108":0,"110":0,"112":0,"113":0,"114":0,"115":0,"116":0,"117":0,"118":0,"119":0,"121":0,"123":0,"124":0,"125":0,"126":0,"127":0,"128":0,"129":0,"130":0,"132":0,"134":0,"135":0,"136":0,"137":0,"138":0,"139":0,"140":0,"141":0,"143":0,"145":0,"146":0,"147":0,"148":0,"149":0,"150":0,"151":0,"152":0,"154":0,"157":0,"158":0,"159":0,"160":0,"163":0,"164":0,"165":0,"166":0,"167":0,"168":0,"169":0,"172":0,"173":0,"174":0,"175":0,"176":0,"177":0,"178":0,"179":0,"180":0,"181":0,"182":0,"183":0,"184":0,"185":0,"186":0,"188":0,"190":0},"branchMap":{"0":{"type":"branch","line":1,"loc":{"start":{"line":1,"column":5679},"end":{"line":191,"column":19}},"locations":[{"start":{"line":1,"column":5679},"end":{"line":191,"column":19}}]}},"b":{"0":[1]},"fnMap":{"0":{"name":"(empty-report)","decl":{"start":{"line":1,"column":5679},"end":{"line":191,"column":19}},"loc":{"start":{"line":1,"column":5679},"end":{"line":191,"column":19}},"line":1}},"f":{"0":1}}
,"/Users/juan.bustamante/personal/zentraqms/frontend/src/main.tsx": {"path":"/Users/juan.bustamante/personal/zentraqms/frontend/src/main.tsx","all":true,"statementMap":{"0":{"start":{"line":1,"column":0},"end":{"line":1,"column":34}},"1":{"start":{"line":2,"column":0},"end":{"line":2,"column":45}},"2":{"start":{"line":3,"column":0},"end":{"line":3,"column":48}},"3":{"start":{"line":4,"column":0},"end":{"line":4,"column":20}},"4":{"start":{"line":5,"column":0},"end":{"line":5,"column":27}},"7":{"start":{"line":8,"column":0},"end":{"line":8,"column":26}},"8":{"start":{"line":9,"column":0},"end":{"line":9,"column":30}},"9":{"start":{"line":10,"column":0},"end":{"line":10,"column":1}},"11":{"start":{"line":12,"column":0},"end":{"line":12,"column":52}},"12":{"start":{"line":13,"column":0},"end":{"line":13,"column":14}},"13":{"start":{"line":14,"column":0},"end":{"line":14,"column":19}},"14":{"start":{"line":15,"column":0},"end":{"line":15,"column":13}},"15":{"start":{"line":16,"column":0},"end":{"line":16,"column":20}},"16":{"start":{"line":17,"column":0},"end":{"line":17,"column":16}},"17":{"start":{"line":18,"column":0},"end":{"line":18,"column":1}}},"s":{"0":0,"1":0,"2":0,"3":0,"4":0,"7":0,"8":0,"9":0,"11":0,"12":0,"13":0,"14":0,"15":0,"16":0,"17":0},"branchMap":{"0":{"type":"branch","line":1,"loc":{"start":{"line":1,"column":378},"end":{"line":18,"column":-295}},"locations":[{"start":{"line":1,"column":378},"end":{"line":18,"column":-295}}]}},"b":{"0":[0]},"fnMap":{"0":{"name":"(empty-report)","decl":{"start":{"line":1,"column":378},"end":{"line":18,"column":-295}},"loc":{"start":{"line":1,"column":378},"end":{"line":18,"column":-295}},"line":1}},"f":{"0":0}}
,"/Users/juan.bustamante/personal/zentraqms/frontend/src/api/endpoints.ts": {"path":"/Users/juan.bustamante/personal/zentraqms/frontend/src/api/endpoints.ts","all":false,"statementMap":{"7":{"start":{"line":8,"column":0},"end":{"line":8,"column":26}},"10":{"start":{"line":11,"column":0},"end":{"line":11,"column":82}},"11":{"start":{"line":12,"column":0},"end":{"line":12,"column":25}},"16":{"start":{"line":17,"column":0},"end":{"line":17,"column":31}},"17":{"start":{"line":18,"column":0},"end":{"line":18,"column":28}},"18":{"start":{"line":19,"column":0},"end":{"line":19,"column":30}},"19":{"start":{"line":20,"column":0},"end":{"line":20,"column":32}},"20":{"start":{"line":21,"column":0},"end":{"line":21,"column":34}},"21":{"start":{"line":22,"column":0},"end":{"line":22,"column":36}},"22":{"start":{"line":23,"column":0},"end":{"line":23,"column":30}},"24":{"start":{"line":25,"column":0},"end":{"line":25,"column":40}},"25":{"start":{"line":26,"column":0},"end":{"line":26,"column":28}},"26":{"start":{"line":27,"column":0},"end":{"line":27,"column":11}},"31":{"start":{"line":32,"column":0},"end":{"line":32,"column":30}},"33":{"start":{"line":34,"column":0},"end":{"line":34,"column":23}},"36":{"start":{"line":37,"column":0},"end":{"line":37,"column":13}},"37":{"start":{"line":38,"column":0},"end":{"line":38,"column":42}},"38":{"start":{"line":39,"column":0},"end":{"line":39,"column":66}},"39":{"start":{"line":40,"column":0},"end":{"line":40,"column":44}},"40":{"start":{"line":41,"column":0},"end":{"line":41,"column":66}},"41":{"start":{"line":42,"column":0},"end":{"line":42,"column":66}},"42":{"start":{"line":43,"column":0},"end":{"line":43,"column":4}},"44":{"start":{"line":45,"column":0},"end":{"line":45,"column":15}},"45":{"start":{"line":46,"column":0},"end":{"line":46,"column":44}},"46":{"start":{"line":47,"column":0},"end":{"line":47,"column":68}},"47":{"start":{"line":48,"column":0},"end":{"line":48,"column":46}},"48":{"start":{"line":49,"column":0},"end":{"line":49,"column":68}},"49":{"start":{"line":50,"column":0},"end":{"line":50,"column":68}},"50":{"start":{"line":51,"column":0},"end":{"line":51,"column":4}},"52":{"start":{"line":53,"column":0},"end":{"line":53,"column":15}},"53":{"start":{"line":54,"column":0},"end":{"line":54,"column":44}},"54":{"start":{"line":55,"column":0},"end":{"line":55,"column":68}},"55":{"start":{"line":56,"column":0},"end":{"line":56,"column":46}},"56":{"start":{"line":57,"column":0},"end":{"line":57,"column":68}},"57":{"start":{"line":58,"column":0},"end":{"line":58,"column":68}},"58":{"start":{"line":59,"column":0},"end":{"line":59,"column":4}},"60":{"start":{"line":61,"column":0},"end":{"line":61,"column":16}},"61":{"start":{"line":62,"column":0},"end":{"line":62,"column":45}},"62":{"start":{"line":63,"column":0},"end":{"line":63,"column":69}},"63":{"start":{"line":64,"column":0},"end":{"line":64,"column":47}},"64":{"start":{"line":65,"column":0},"end":{"line":65,"column":69}},"65":{"start":{"line":66,"column":0},"end":{"line":66,"column":69}},"66":{"start":{"line":67,"column":0},"end":{"line":67,"column":4}},"69":{"start":{"line":70,"column":0},"end":{"line":70,"column":21}},"70":{"start":{"line":71,"column":0},"end":{"line":71,"column":11}},"75":{"start":{"line":76,"column":0},"end":{"line":76,"column":39}},"76":{"start":{"line":77,"column":0},"end":{"line":77,"column":24}},"77":{"start":{"line":78,"column":0},"end":{"line":78,"column":31}},"78":{"start":{"line":79,"column":0},"end":{"line":79,"column":12}},"79":{"start":{"line":80,"column":0},"end":{"line":80,"column":39}},"80":{"start":{"line":81,"column":0},"end":{"line":81,"column":33}},"81":{"start":{"line":82,"column":0},"end":{"line":82,"column":4}},"82":{"start":{"line":83,"column":0},"end":{"line":83,"column":3}},"87":{"start":{"line":88,"column":0},"end":{"line":88,"column":35}},"88":{"start":{"line":89,"column":0},"end":{"line":89,"column":15}},"90":{"start":{"line":91,"column":0},"end":{"line":91,"column":28}},"91":{"start":{"line":92,"column":0},"end":{"line":92,"column":27}},"92":{"start":{"line":93,"column":0},"end":{"line":93,"column":29}},"93":{"start":{"line":94,"column":0},"end":{"line":94,"column":6}},"95":{"start":{"line":96,"column":0},"end":{"line":96,"column":84}},"97":{"start":{"line":98,"column":0},"end":{"line":98,"column":27}},"99":{"start":{"line":100,"column":0},"end":{"line":100,"column":57}},"101":{"start":{"line":102,"column":0},"end":{"line":102,"column":18}},"102":{"start":{"line":103,"column":0},"end":{"line":103,"column":57}},"103":{"start":{"line":104,"column":0},"end":{"line":104,"column":7}},"104":{"start":{"line":105,"column":0},"end":{"line":105,"column":5}},"107":{"start":{"line":108,"column":0},"end":{"line":108,"column":30}},"108":{"start":{"line":109,"column":0},"end":{"line":109,"column":82}},"109":{"start":{"line":110,"column":0},"end":{"line":110,"column":26}},"110":{"start":{"line":111,"column":0},"end":{"line":111,"column":32}},"111":{"start":{"line":112,"column":0},"end":{"line":112,"column":44}},"112":{"start":{"line":113,"column":0},"end":{"line":113,"column":9}},"113":{"start":{"line":114,"column":0},"end":{"line":114,"column":5}},"115":{"start":{"line":116,"column":0},"end":{"line":116,"column":18}},"116":{"start":{"line":117,"column":0},"end":{"line":117,"column":4}},"117":{"start":{"line":118,"column":0},"end":{"line":118,"column":14}},"118":{"start":{"line":119,"column":0},"end":{"line":119,"column":48}},"119":{"start":{"line":120,"column":0},"end":{"line":120,"column":33}},"120":{"start":{"line":121,"column":0},"end":{"line":121,"column":3}},"121":{"start":{"line":122,"column":0},"end":{"line":122,"column":2}},"126":{"start":{"line":127,"column":0},"end":{"line":127,"column":36}},"127":{"start":{"line":128,"column":0},"end":{"line":128,"column":17}},"129":{"start":{"line":130,"column":0},"end":{"line":130,"column":30}},"130":{"start":{"line":131,"column":0},"end":{"line":131,"column":101}},"131":{"start":{"line":132,"column":0},"end":{"line":132,"column":32}},"132":{"start":{"line":133,"column":0},"end":{"line":133,"column":28}},"133":{"start":{"line":134,"column":0},"end":{"line":134,"column":44}},"134":{"start":{"line":135,"column":0},"end":{"line":135,"column":9}},"135":{"start":{"line":136,"column":0},"end":{"line":136,"column":5}},"137":{"start":{"line":138,"column":0},"end":{"line":138,"column":20}},"138":{"start":{"line":139,"column":0},"end":{"line":139,"column":4}},"139":{"start":{"line":140,"column":0},"end":{"line":140,"column":20}},"140":{"start":{"line":141,"column":0},"end":{"line":141,"column":41}},"143":{"start":{"line":144,"column":0},"end":{"line":144,"column":30}},"144":{"start":{"line":145,"column":0},"end":{"line":145,"column":111}},"145":{"start":{"line":146,"column":0},"end":{"line":146,"column":39}},"146":{"start":{"line":147,"column":0},"end":{"line":147,"column":35}},"147":{"start":{"line":148,"column":0},"end":{"line":148,"column":31}},"148":{"start":{"line":149,"column":0},"end":{"line":149,"column":44}},"149":{"start":{"line":150,"column":0},"end":{"line":150,"column":9}},"150":{"start":{"line":151,"column":0},"end":{"line":151,"column":5}},"153":{"start":{"line":154,"column":0},"end":{"line":154,"column":69}},"154":{"start":{"line":155,"column":0},"end":{"line":155,"column":63}},"155":{"start":{"line":156,"column":0},"end":{"line":156,"column":65}},"156":{"start":{"line":157,"column":0},"end":{"line":157,"column":36}},"158":{"start":{"line":159,"column":0},"end":{"line":159,"column":11}},"160":{"start":{"line":161,"column":0},"end":{"line":161,"column":67}},"162":{"start":{"line":163,"column":0},"end":{"line":163,"column":27}},"163":{"start":{"line":164,"column":0},"end":{"line":164,"column":44}},"164":{"start":{"line":165,"column":0},"end":{"line":165,"column":55}},"165":{"start":{"line":166,"column":0},"end":{"line":166,"column":38}},"166":{"start":{"line":167,"column":0},"end":{"line":167,"column":63}},"167":{"start":{"line":168,"column":0},"end":{"line":168,"column":12}},"169":{"start":{"line":170,"column":0},"end":{"line":170,"column":38}},"170":{"start":{"line":171,"column":0},"end":{"line":171,"column":59}},"173":{"start":{"line":174,"column":0},"end":{"line":174,"column":57}},"174":{"start":{"line":175,"column":0},"end":{"line":175,"column":26}},"175":{"start":{"line":176,"column":0},"end":{"line":176,"column":61}},"176":{"start":{"line":177,"column":0},"end":{"line":177,"column":13}},"179":{"start":{"line":180,"column":0},"end":{"line":180,"column":71}},"180":{"start":{"line":181,"column":0},"end":{"line":181,"column":46}},"181":{"start":{"line":182,"column":0},"end":{"line":182,"column":11}},"182":{"start":{"line":183,"column":0},"end":{"line":183,"column":9}},"183":{"start":{"line":184,"column":0},"end":{"line":184,"column":30}},"184":{"start":{"line":185,"column":0},"end":{"line":185,"column":61}},"187":{"start":{"line":188,"column":0},"end":{"line":188,"column":48}},"188":{"start":{"line":189,"column":0},"end":{"line":189,"column":49}},"189":{"start":{"line":190,"column":0},"end":{"line":190,"column":45}},"192":{"start":{"line":193,"column":0},"end":{"line":193,"column":61}},"194":{"start":{"line":195,"column":0},"end":{"line":195,"column":44}},"195":{"start":{"line":196,"column":0},"end":{"line":196,"column":7}},"196":{"start":{"line":197,"column":0},"end":{"line":197,"column":5}},"199":{"start":{"line":200,"column":0},"end":{"line":200,"column":37}},"200":{"start":{"line":201,"column":0},"end":{"line":201,"column":15}},"201":{"start":{"line":202,"column":0},"end":{"line":202,"column":74}},"202":{"start":{"line":203,"column":0},"end":{"line":203,"column":14}},"203":{"start":{"line":204,"column":0},"end":{"line":204,"column":15}},"204":{"start":{"line":205,"column":0},"end":{"line":205,"column":49}},"205":{"start":{"line":206,"column":0},"end":{"line":206,"column":14}},"206":{"start":{"line":207,"column":0},"end":{"line":207,"column":15}},"207":{"start":{"line":208,"column":0},"end":{"line":208,"column":50}},"208":{"start":{"line":209,"column":0},"end":{"line":209,"column":14}},"209":{"start":{"line":210,"column":0},"end":{"line":210,"column":15}},"210":{"start":{"line":211,"column":0},"end":{"line":211,"column":53}},"211":{"start":{"line":212,"column":0},"end":{"line":212,"column":14}},"212":{"start":{"line":213,"column":0},"end":{"line":213,"column":14}},"213":{"start":{"line":214,"column":0},"end":{"line":214,"column":64}},"214":{"start":{"line":215,"column":0},"end":{"line":215,"column":5}},"216":{"start":{"line":217,"column":0},"end":{"line":217,"column":33}},"217":{"start":{"line":218,"column":0},"end":{"line":218,"column":3}},"218":{"start":{"line":219,"column":0},"end":{"line":219,"column":2}},"223":{"start":{"line":224,"column":0},"end":{"line":224,"column":79}},"224":{"start":{"line":225,"column":0},"end":{"line":225,"column":45}},"226":{"start":{"line":227,"column":0},"end":{"line":227,"column":52}},"227":{"start":{"line":228,"column":0},"end":{"line":228,"column":64}},"228":{"start":{"line":229,"column":0},"end":{"line":229,"column":33}},"229":{"start":{"line":230,"column":0},"end":{"line":230,"column":81}},"230":{"start":{"line":231,"column":0},"end":{"line":231,"column":14}},"231":{"start":{"line":232,"column":0},"end":{"line":232,"column":45}},"232":{"start":{"line":233,"column":0},"end":{"line":233,"column":7}},"233":{"start":{"line":234,"column":0},"end":{"line":234,"column":5}},"234":{"start":{"line":235,"column":0},"end":{"line":235,"column":5}},"236":{"start":{"line":237,"column":0},"end":{"line":237,"column":46}},"237":{"start":{"line":238,"column":0},"end":{"line":238,"column":46}},"238":{"start":{"line":239,"column":0},"end":{"line":239,"column":2}},"243":{"start":{"line":244,"column":0},"end":{"line":244,"column":89}},"244":{"start":{"line":245,"column":0},"end":{"line":245,"column":62}},"245":{"start":{"line":246,"column":0},"end":{"line":246,"column":37}},"246":{"start":{"line":247,"column":0},"end":{"line":247,"column":2}},"251":{"start":{"line":252,"column":0},"end":{"line":252,"column":26}},"252":{"start":{"line":253,"column":0},"end":{"line":253,"column":14}},"253":{"start":{"line":254,"column":0},"end":{"line":254,"column":16}},"254":{"start":{"line":255,"column":0},"end":{"line":255,"column":14}},"255":{"start":{"line":256,"column":0},"end":{"line":256,"column":18}},"256":{"start":{"line":257,"column":0},"end":{"line":257,"column":20}},"262":{"start":{"line":263,"column":0},"end":{"line":263,"column":25}},"263":{"start":{"line":264,"column":0},"end":{"line":264,"column":11}},"264":{"start":{"line":265,"column":0},"end":{"line":265,"column":16}},"265":{"start":{"line":266,"column":0},"end":{"line":266,"column":19}},"266":{"start":{"line":267,"column":0},"end":{"line":267,"column":20}},"267":{"start":{"line":268,"column":0},"end":{"line":268,"column":21}},"268":{"start":{"line":269,"column":0},"end":{"line":269,"column":18}},"269":{"start":{"line":270,"column":0},"end":{"line":270,"column":18}},"270":{"start":{"line":271,"column":0},"end":{"line":271,"column":27}},"271":{"start":{"line":272,"column":0},"end":{"line":272,"column":17}},"272":{"start":{"line":273,"column":0},"end":{"line":273,"column":29}},"273":{"start":{"line":274,"column":0},"end":{"line":274,"column":26}},"274":{"start":{"line":275,"column":0},"end":{"line":275,"column":30}},"275":{"start":{"line":276,"column":0},"end":{"line":276,"column":20}},"276":{"start":{"line":277,"column":0},"end":{"line":277,"column":28}},"282":{"start":{"line":283,"column":0},"end":{"line":283,"column":25}}},"s":{"7":1,"10":1,"11":1,"16":1,"17":1,"18":1,"19":1,"20":1,"21":1,"22":1,"24":1,"25":1,"26":1,"31":1,"33":1,"36":1,"37":1,"38":1,"39":1,"40":1,"41":1,"42":1,"44":1,"45":1,"46":1,"47":1,"48":1,"49":1,"50":1,"52":1,"53":1,"54":1,"55":1,"56":1,"57":1,"58":1,"60":1,"61":1,"62":1,"63":1,"64":1,"65":1,"66":1,"69":1,"70":1,"75":1,"76":1,"77":1,"78":1,"79":1,"80":1,"81":1,"82":1,"87":1,"88":1,"90":0,"91":0,"92":0,"93":0,"95":0,"97":0,"99":0,"101":0,"102":0,"103":0,"104":0,"107":0,"108":0,"109":0,"110":0,"111":0,"112":0,"113":0,"115":0,"116":0,"117":1,"118":0,"119":0,"120":0,"121":1,"126":1,"127":1,"129":0,"130":0,"131":0,"132":0,"133":0,"134":0,"135":0,"137":0,"138":0,"139":1,"140":0,"143":0,"144":0,"145":0,"146":0,"147":0,"148":0,"149":0,"150":0,"153":0,"154":0,"155":0,"156":0,"158":0,"160":0,"162":0,"163":0,"164":0,"165":0,"166":0,"167":0,"169":0,"170":0,"173":0,"174":0,"175":0,"176":0,"179":0,"180":0,"181":0,"182":0,"183":0,"184":0,"187":0,"188":0,"189":0,"192":0,"194":0,"195":0,"196":0,"199":0,"200":0,"201":0,"202":0,"203":0,"204":0,"205":0,"206":0,"207":0,"208":0,"209":0,"210":0,"211":0,"212":0,"213":0,"214":0,"216":0,"217":0,"218":1,"223":1,"224":0,"226":0,"227":0,"228":0,"229":0,"230":0,"231":0,"232":0,"233":0,"234":0,"236":0,"237":0,"238":0,"243":1,"244":0,"245":0,"246":0,"251":1,"252":1,"253":1,"254":1,"255":1,"256":1,"262":1,"263":1,"264":1,"265":1,"266":1,"267":1,"268":1,"269":1,"270":1,"271":1,"272":1,"273":1,"274":1,"275":1,"276":1,"282":1},"branchMap":{"0":{"type":"branch","line":11,"loc":{"start":{"line":11,"column":37},"end":{"line":11,"column":82}},"locations":[{"start":{"line":11,"column":37},"end":{"line":11,"column":82}}]},"1":{"type":"branch","line":252,"loc":{"start":{"line":252,"column":7},"end":{"line":252,"column":26}},"locations":[{"start":{"line":252,"column":7},"end":{"line":252,"column":26}}]},"2":{"type":"branch","line":263,"loc":{"start":{"line":263,"column":7},"end":{"line":263,"column":25}},"locations":[{"start":{"line":263,"column":7},"end":{"line":263,"column":25}}]}},"b":{"0":[0],"1":[1],"2":[1]},"fnMap":{"0":{"name":"DETAIL","decl":{"start":{"line":39,"column":12},"end":{"line":39,"column":66}},"loc":{"start":{"line":39,"column":12},"end":{"line":39,"column":66}},"line":39},"1":{"name":"UPDATE","decl":{"start":{"line":41,"column":12},"end":{"line":41,"column":66}},"loc":{"start":{"line":41,"column":12},"end":{"line":41,"column":66}},"line":41},"2":{"name":"DELETE","decl":{"start":{"line":42,"column":12},"end":{"line":42,"column":66}},"loc":{"start":{"line":42,"column":12},"end":{"line":42,"column":66}},"line":42},"3":{"name":"DETAIL","decl":{"start":{"line":47,"column":12},"end":{"line":47,"column":68}},"loc":{"start":{"line":47,"column":12},"end":{"line":47,"column":68}},"line":47},"4":{"name":"UPDATE","decl":{"start":{"line":49,"column":12},"end":{"line":49,"column":68}},"loc":{"start":{"line":49,"column":12},"end":{"line":49,"column":68}},"line":49},"5":{"name":"DELETE","decl":{"start":{"line":50,"column":12},"end":{"line":50,"column":68}},"loc":{"start":{"line":50,"column":12},"end":{"line":50,"column":68}},"line":50},"6":{"name":"DETAIL","decl":{"start":{"line":55,"column":12},"end":{"line":55,"column":68}},"loc":{"start":{"line":55,"column":12},"end":{"line":55,"column":68}},"line":55},"7":{"name":"UPDATE","decl":{"start":{"line":57,"column":12},"end":{"line":57,"column":68}},"loc":{"start":{"line":57,"column":12},"end":{"line":57,"column":68}},"line":57},"8":{"name":"DELETE","decl":{"start":{"line":58,"column":12},"end":{"line":58,"column":68}},"loc":{"start":{"line":58,"column":12},"end":{"line":58,"column":68}},"line":58},"9":{"name":"DETAIL","decl":{"start":{"line":63,"column":12},"end":{"line":63,"column":69}},"loc":{"start":{"line":63,"column":12},"end":{"line":63,"column":69}},"line":63},"10":{"name":"UPDATE","decl":{"start":{"line":65,"column":12},"end":{"line":65,"column":69}},"loc":{"start":{"line":65,"column":12},"end":{"line":65,"column":69}},"line":65},"11":{"name":"DELETE","decl":{"start":{"line":66,"column":12},"end":{"line":66,"column":69}},"loc":{"start":{"line":66,"column":12},"end":{"line":66,"column":69}},"line":66},"12":{"name":"apiClient.interceptors.response.use.originalRequest","decl":{"start":{"line":128,"column":2},"end":{"line":139,"column":4}},"loc":{"start":{"line":128,"column":2},"end":{"line":139,"column":4}},"line":128},"13":{"name":"createQueryString","decl":{"start":{"line":224,"column":33},"end":{"line":239,"column":2}},"loc":{"start":{"line":224,"column":33},"end":{"line":239,"column":2}},"line":224},"14":{"name":"buildUrl","decl":{"start":{"line":244,"column":24},"end":{"line":247,"column":2}},"loc":{"start":{"line":244,"column":24},"end":{"line":247,"column":2}},"line":244}},"f":{"0":0,"1":0,"2":0,"3":0,"4":0,"5":0,"6":0,"7":0,"8":0,"9":0,"10":0,"11":0,"12":0,"13":0,"14":0}}
,"/Users/juan.bustamante/personal/zentraqms/frontend/src/components/auth/ProtectedRoute.tsx": {"path":"/Users/juan.bustamante/personal/zentraqms/frontend/src/components/auth/ProtectedRoute.tsx","all":true,"statementMap":{"9":{"start":{"line":10,"column":0},"end":{"line":10,"column":57}},"10":{"start":{"line":11,"column":0},"end":{"line":11,"column":46}},"11":{"start":{"line":12,"column":0},"end":{"line":12,"column":50}},"56":{"start":{"line":57,"column":0},"end":{"line":57,"column":57}},"57":{"start":{"line":58,"column":0},"end":{"line":58,"column":11}},"58":{"start":{"line":59,"column":0},"end":{"line":59,"column":13}},"59":{"start":{"line":60,"column":0},"end":{"line":60,"column":19}},"60":{"start":{"line":61,"column":0},"end":{"line":61,"column":29}},"61":{"start":{"line":62,"column":0},"end":{"line":62,"column":7}},"62":{"start":{"line":63,"column":0},"end":{"line":63,"column":13}},"63":{"start":{"line":64,"column":0},"end":{"line":64,"column":23}},"64":{"start":{"line":65,"column":0},"end":{"line":65,"column":14}},"65":{"start":{"line":66,"column":0},"end":{"line":66,"column":42}},"66":{"start":{"line":67,"column":0},"end":{"line":67,"column":25}},"67":{"start":{"line":68,"column":0},"end":{"line":68,"column":26}},"68":{"start":{"line":69,"column":0},"end":{"line":69,"column":23}},"69":{"start":{"line":70,"column":0},"end":{"line":70,"column":7}},"70":{"start":{"line":71,"column":0},"end":{"line":71,"column":10}},"71":{"start":{"line":72,"column":0},"end":{"line":72,"column":21}},"72":{"start":{"line":73,"column":0},"end":{"line":73,"column":15}},"73":{"start":{"line":74,"column":0},"end":{"line":74,"column":16}},"74":{"start":{"line":75,"column":0},"end":{"line":75,"column":9}},"75":{"start":{"line":76,"column":0},"end":{"line":76,"column":18}},"76":{"start":{"line":77,"column":0},"end":{"line":77,"column":21}},"77":{"start":{"line":78,"column":0},"end":{"line":78,"column":22}},"78":{"start":{"line":79,"column":0},"end":{"line":79,"column":12}},"79":{"start":{"line":80,"column":0},"end":{"line":80,"column":15}},"80":{"start":{"line":81,"column":0},"end":{"line":81,"column":16}},"81":{"start":{"line":82,"column":0},"end":{"line":82,"column":33}},"82":{"start":{"line":83,"column":0},"end":{"line":83,"column":21}},"83":{"start":{"line":84,"column":0},"end":{"line":84,"column":16}},"85":{"start":{"line":86,"column":0},"end":{"line":86,"column":33}},"88":{"start":{"line":89,"column":0},"end":{"line":89,"column":18}},"89":{"start":{"line":90,"column":0},"end":{"line":90,"column":12}},"90":{"start":{"line":91,"column":0},"end":{"line":91,"column":83}},"91":{"start":{"line":92,"column":0},"end":{"line":92,"column":36}},"92":{"start":{"line":93,"column":0},"end":{"line":93,"column":12}},"94":{"start":{"line":95,"column":0},"end":{"line":95,"column":3}},"97":{"start":{"line":98,"column":0},"end":{"line":98,"column":25}},"98":{"start":{"line":99,"column":0},"end":{"line":99,"column":12}},"99":{"start":{"line":100,"column":0},"end":{"line":100,"column":16}},"100":{"start":{"line":101,"column":0},"end":{"line":101,"column":20}},"101":{"start":{"line":102,"column":0},"end":{"line":102,"column":35}},"102":{"start":{"line":103,"column":0},"end":{"line":103,"column":16}},"103":{"start":{"line":104,"column":0},"end":{"line":104,"column":8}},"105":{"start":{"line":106,"column":0},"end":{"line":106,"column":3}},"108":{"start":{"line":109,"column":0},"end":{"line":109,"column":39}},"109":{"start":{"line":110,"column":0},"end":{"line":110,"column":12}},"110":{"start":{"line":111,"column":0},"end":{"line":111,"column":83}},"111":{"start":{"line":112,"column":0},"end":{"line":112,"column":37}},"112":{"start":{"line":113,"column":0},"end":{"line":113,"column":38}},"113":{"start":{"line":114,"column":0},"end":{"line":114,"column":67}},"114":{"start":{"line":115,"column":0},"end":{"line":115,"column":14}},"115":{"start":{"line":116,"column":0},"end":{"line":116,"column":12}},"117":{"start":{"line":118,"column":0},"end":{"line":118,"column":3}},"120":{"start":{"line":121,"column":0},"end":{"line":121,"column":53}},"121":{"start":{"line":122,"column":0},"end":{"line":122,"column":12}},"122":{"start":{"line":123,"column":0},"end":{"line":123,"column":16}},"123":{"start":{"line":124,"column":0},"end":{"line":124,"column":29}},"124":{"start":{"line":125,"column":0},"end":{"line":125,"column":35}},"125":{"start":{"line":126,"column":0},"end":{"line":126,"column":16}},"126":{"start":{"line":127,"column":0},"end":{"line":127,"column":8}},"128":{"start":{"line":129,"column":0},"end":{"line":129,"column":3}},"131":{"start":{"line":132,"column":0},"end":{"line":132,"column":49}},"132":{"start":{"line":133,"column":0},"end":{"line":133,"column":12}},"133":{"start":{"line":134,"column":0},"end":{"line":134,"column":16}},"134":{"start":{"line":135,"column":0},"end":{"line":135,"column":31}},"135":{"start":{"line":136,"column":0},"end":{"line":136,"column":35}},"136":{"start":{"line":137,"column":0},"end":{"line":137,"column":16}},"137":{"start":{"line":138,"column":0},"end":{"line":138,"column":8}},"139":{"start":{"line":140,"column":0},"end":{"line":140,"column":3}},"142":{"start":{"line":143,"column":0},"end":{"line":143,"column":43}},"144":{"start":{"line":145,"column":0},"end":{"line":145,"column":22}},"145":{"start":{"line":146,"column":0},"end":{"line":146,"column":53}},"146":{"start":{"line":147,"column":0},"end":{"line":147,"column":5}},"148":{"start":{"line":149,"column":0},"end":{"line":149,"column":33}},"151":{"start":{"line":152,"column":0},"end":{"line":152,"column":21}},"152":{"start":{"line":153,"column":0},"end":{"line":153,"column":45}},"153":{"start":{"line":154,"column":0},"end":{"line":154,"column":5}},"156":{"start":{"line":157,"column":0},"end":{"line":157,"column":33}},"157":{"start":{"line":158,"column":0},"end":{"line":158,"column":49}},"158":{"start":{"line":159,"column":0},"end":{"line":159,"column":5}},"161":{"start":{"line":162,"column":0},"end":{"line":162,"column":43}},"162":{"start":{"line":163,"column":0},"end":{"line":163,"column":60}},"163":{"start":{"line":164,"column":0},"end":{"line":164,"column":5}},"166":{"start":{"line":167,"column":0},"end":{"line":167,"column":15}},"167":{"start":{"line":168,"column":0},"end":{"line":168,"column":33}},"168":{"start":{"line":169,"column":0},"end":{"line":169,"column":5}},"171":{"start":{"line":172,"column":0},"end":{"line":172,"column":27}},"172":{"start":{"line":173,"column":0},"end":{"line":173,"column":37}},"173":{"start":{"line":174,"column":0},"end":{"line":174,"column":5}},"176":{"start":{"line":177,"column":0},"end":{"line":177,"column":37}},"177":{"start":{"line":178,"column":0},"end":{"line":178,"column":48}},"178":{"start":{"line":179,"column":0},"end":{"line":179,"column":5}},"181":{"start":{"line":182,"column":0},"end":{"line":182,"column":30}},"182":{"start":{"line":183,"column":0},"end":{"line":183,"column":18}},"183":{"start":{"line":184,"column":0},"end":{"line":184,"column":5}},"186":{"start":{"line":187,"column":0},"end":{"line":187,"column":40}},"187":{"start":{"line":188,"column":0},"end":{"line":188,"column":4}},"190":{"start":{"line":191,"column":0},"end":{"line":191,"column":39}},"193":{"start":{"line":194,"column":0},"end":{"line":194,"column":19}},"194":{"start":{"line":195,"column":0},"end":{"line":195,"column":12}},"195":{"start":{"line":196,"column":0},"end":{"line":196,"column":16}},"196":{"start":{"line":197,"column":0},"end":{"line":197,"column":33}},"197":{"start":{"line":198,"column":0},"end":{"line":198,"column":17}},"198":{"start":{"line":199,"column":0},"end":{"line":199,"column":25}},"199":{"start":{"line":200,"column":0},"end":{"line":200,"column":45}},"200":{"start":{"line":201,"column":0},"end":{"line":201,"column":32}},"201":{"start":{"line":202,"column":0},"end":{"line":202,"column":48}},"202":{"start":{"line":203,"column":0},"end":{"line":203,"column":27}},"203":{"start":{"line":204,"column":0},"end":{"line":204,"column":37}},"204":{"start":{"line":205,"column":0},"end":{"line":205,"column":12}},"205":{"start":{"line":206,"column":0},"end":{"line":206,"column":26}},"206":{"start":{"line":207,"column":0},"end":{"line":207,"column":36}},"207":{"start":{"line":208,"column":0},"end":{"line":208,"column":21}},"208":{"start":{"line":209,"column":0},"end":{"line":209,"column":31}},"209":{"start":{"line":210,"column":0},"end":{"line":210,"column":12}},"210":{"start":{"line":211,"column":0},"end":{"line":211,"column":11}},"211":{"start":{"line":212,"column":0},"end":{"line":212,"column":16}},"212":{"start":{"line":213,"column":0},"end":{"line":213,"column":8}},"214":{"start":{"line":215,"column":0},"end":{"line":215,"column":3}},"217":{"start":{"line":218,"column":0},"end":{"line":218,"column":25}},"218":{"start":{"line":219,"column":0},"end":{"line":219,"column":2}},"220":{"start":{"line":221,"column":0},"end":{"line":221,"column":30}}},"s":{"9":0,"10":0,"11":0,"56":0,"57":0,"58":0,"59":0,"60":0,"61":0,"62":0,"63":0,"64":0,"65":0,"66":0,"67":0,"68":0,"69":0,"70":0,"71":0,"72":0,"73":0,"74":0,"75":0,"76":0,"77":0,"78":0,"79":0,"80":0,"81":0,"82":0,"83":0,"85":0,"88":0,"89":0,"90":0,"91":0,"92":0,"94":0,"97":0,"98":0,"99":0,"100":0,"101":0,"102":0,"103":0,"105":0,"108":0,"109":0,"110":0,"111":0,"112":0,"113":0,"114":0,"115":0,"117":0,"120":0,"121":0,"122":0,"123":0,"124":0,"125":0,"126":0,"128":0,"131":0,"132":0,"133":0,"134":0,"135":0,"136":0,"137":0,"139":0,"142":0,"144":0,"145":0,"146":0,"148":0,"151":0,"152":0,"153":0,"156":0,"157":0,"158":0,"161":0,"162":0,"163":0,"166":0,"167":0,"168":0,"171":0,"172":0,"173":0,"176":0,"177":0,"178":0,"181":0,"182":0,"183":0,"186":0,"187":0,"190":0,"193":0,"194":0,"195":0,"196":0,"197":0,"198":0,"199":0,"200":0,"201":0,"202":0,"203":0,"204":0,"205":0,"206":0,"207":0,"208":0,"209":0,"210":0,"211":0,"212":0,"214":0,"217":0,"218":0,"220":0},"branchMap":{"0":{"type":"branch","line":1,"loc":{"start":{"line":1,"column":5386},"end":{"line":221,"column":30}},"locations":[{"start":{"line":1,"column":5386},"end":{"line":221,"column":30}}]}},"b":{"0":[1]},"fnMap":{"0":{"name":"(empty-report)","decl":{"start":{"line":1,"column":5386},"end":{"line":221,"column":30}},"loc":{"start":{"line":1,"column":5386},"end":{"line":221,"column":30}},"line":1}},"f":{"0":1}}
,"/Users/juan.bustamante/personal/zentraqms/frontend/src/components/common/DataTableWithPermissions.tsx": {"path":"/Users/juan.bustamante/personal/zentraqms/frontend/src/components/common/DataTableWithPermissions.tsx","all":true,"statementMap":{"7":{"start":{"line":8,"column":0},"end":{"line":8,"column":40}},"8":{"start":{"line":9,"column":0},"end":{"line":9,"column":8}},"18":{"start":{"line":19,"column":0},"end":{"line":19,"column":50}},"87":{"start":{"line":88,"column":0},"end":{"line":88,"column":62}},"88":{"start":{"line":89,"column":0},"end":{"line":89,"column":11}},"89":{"start":{"line":90,"column":0},"end":{"line":90,"column":7}},"90":{"start":{"line":91,"column":0},"end":{"line":91,"column":10}},"91":{"start":{"line":92,"column":0},"end":{"line":92,"column":18}},"92":{"start":{"line":93,"column":0},"end":{"line":93,"column":8}},"93":{"start":{"line":94,"column":0},"end":{"line":94,"column":9}},"94":{"start":{"line":95,"column":0},"end":{"line":95,"column":11}},"95":{"start":{"line":96,"column":0},"end":{"line":96,"column":9}},"96":{"start":{"line":97,"column":0},"end":{"line":97,"column":11}},"97":{"start":{"line":98,"column":0},"end":{"line":98,"column":11}},"98":{"start":{"line":99,"column":0},"end":{"line":99,"column":13}},"99":{"start":{"line":100,"column":0},"end":{"line":100,"column":15}},"100":{"start":{"line":101,"column":0},"end":{"line":101,"column":15}},"101":{"start":{"line":102,"column":0},"end":{"line":102,"column":8}},"102":{"start":{"line":103,"column":0},"end":{"line":103,"column":20}},"103":{"start":{"line":104,"column":0},"end":{"line":104,"column":24}},"104":{"start":{"line":105,"column":0},"end":{"line":105,"column":25}},"105":{"start":{"line":106,"column":0},"end":{"line":106,"column":20}},"106":{"start":{"line":107,"column":0},"end":{"line":107,"column":21}},"107":{"start":{"line":108,"column":0},"end":{"line":108,"column":41}},"108":{"start":{"line":109,"column":0},"end":{"line":109,"column":77}},"109":{"start":{"line":110,"column":0},"end":{"line":110,"column":51}},"110":{"start":{"line":111,"column":0},"end":{"line":111,"column":52}},"115":{"start":{"line":116,"column":0},"end":{"line":116,"column":67}},"116":{"start":{"line":117,"column":0},"end":{"line":117,"column":47}},"117":{"start":{"line":118,"column":0},"end":{"line":118,"column":19}},"118":{"start":{"line":119,"column":0},"end":{"line":119,"column":30}},"119":{"start":{"line":120,"column":0},"end":{"line":120,"column":12}},"120":{"start":{"line":121,"column":0},"end":{"line":121,"column":33}},"121":{"start":{"line":122,"column":0},"end":{"line":122,"column":5}},"122":{"start":{"line":123,"column":0},"end":{"line":123,"column":34}},"123":{"start":{"line":124,"column":0},"end":{"line":124,"column":4}},"128":{"start":{"line":129,"column":0},"end":{"line":129,"column":50}},"129":{"start":{"line":130,"column":0},"end":{"line":130,"column":19}},"130":{"start":{"line":131,"column":0},"end":{"line":131,"column":59}},"131":{"start":{"line":132,"column":0},"end":{"line":132,"column":12}},"132":{"start":{"line":133,"column":0},"end":{"line":133,"column":34}},"133":{"start":{"line":134,"column":0},"end":{"line":134,"column":5}},"134":{"start":{"line":135,"column":0},"end":{"line":135,"column":4}},"139":{"start":{"line":140,"column":0},"end":{"line":140,"column":44}},"140":{"start":{"line":141,"column":0},"end":{"line":141,"column":33}},"141":{"start":{"line":142,"column":0},"end":{"line":142,"column":45}},"142":{"start":{"line":143,"column":0},"end":{"line":143,"column":68}},"143":{"start":{"line":144,"column":0},"end":{"line":144,"column":6}},"144":{"start":{"line":145,"column":0},"end":{"line":145,"column":5}},"146":{"start":{"line":147,"column":0},"end":{"line":147,"column":67}},"147":{"start":{"line":148,"column":0},"end":{"line":148,"column":39}},"148":{"start":{"line":149,"column":0},"end":{"line":149,"column":86}},"149":{"start":{"line":150,"column":0},"end":{"line":150,"column":19}},"151":{"start":{"line":152,"column":0},"end":{"line":152,"column":43}},"152":{"start":{"line":153,"column":0},"end":{"line":153,"column":89}},"153":{"start":{"line":154,"column":0},"end":{"line":154,"column":84}},"158":{"start":{"line":159,"column":0},"end":{"line":159,"column":39}},"159":{"start":{"line":160,"column":0},"end":{"line":160,"column":59}},"160":{"start":{"line":161,"column":0},"end":{"line":161,"column":4}},"165":{"start":{"line":166,"column":0},"end":{"line":166,"column":37}},"166":{"start":{"line":167,"column":0},"end":{"line":167,"column":76}},"167":{"start":{"line":168,"column":0},"end":{"line":168,"column":11}},"168":{"start":{"line":169,"column":0},"end":{"line":169,"column":52}},"169":{"start":{"line":170,"column":0},"end":{"line":170,"column":12}},"171":{"start":{"line":172,"column":0},"end":{"line":172,"column":36}},"173":{"start":{"line":174,"column":0},"end":{"line":174,"column":24}},"174":{"start":{"line":175,"column":0},"end":{"line":175,"column":66}},"175":{"start":{"line":176,"column":0},"end":{"line":176,"column":47}},"176":{"start":{"line":177,"column":0},"end":{"line":177,"column":48}},"177":{"start":{"line":178,"column":0},"end":{"line":178,"column":19}},"178":{"start":{"line":179,"column":0},"end":{"line":179,"column":18}},"179":{"start":{"line":180,"column":0},"end":{"line":180,"column":25}},"180":{"start":{"line":181,"column":0},"end":{"line":181,"column":38}},"181":{"start":{"line":182,"column":0},"end":{"line":182,"column":37}},"182":{"start":{"line":183,"column":0},"end":{"line":183,"column":32}},"183":{"start":{"line":184,"column":0},"end":{"line":184,"column":61}},"184":{"start":{"line":185,"column":0},"end":{"line":185,"column":14}},"185":{"start":{"line":186,"column":0},"end":{"line":186,"column":16}},"189":{"start":{"line":190,"column":0},"end":{"line":190,"column":22}},"190":{"start":{"line":191,"column":0},"end":{"line":191,"column":49}},"192":{"start":{"line":193,"column":0},"end":{"line":193,"column":31}},"196":{"start":{"line":197,"column":0},"end":{"line":197,"column":22}},"197":{"start":{"line":198,"column":0},"end":{"line":198,"column":49}},"199":{"start":{"line":200,"column":0},"end":{"line":200,"column":31}},"203":{"start":{"line":204,"column":0},"end":{"line":204,"column":22}},"204":{"start":{"line":205,"column":0},"end":{"line":205,"column":41}},"205":{"start":{"line":206,"column":0},"end":{"line":206,"column":35}},"206":{"start":{"line":207,"column":0},"end":{"line":207,"column":27}},"207":{"start":{"line":208,"column":0},"end":{"line":208,"column":25}},"208":{"start":{"line":209,"column":0},"end":{"line":209,"column":44}},"209":{"start":{"line":210,"column":0},"end":{"line":210,"column":46}},"211":{"start":{"line":212,"column":0},"end":{"line":212,"column":21}},"212":{"start":{"line":213,"column":0},"end":{"line":213,"column":78}},"213":{"start":{"line":214,"column":0},"end":{"line":214,"column":48}},"215":{"start":{"line":216,"column":0},"end":{"line":216,"column":57}},"216":{"start":{"line":217,"column":0},"end":{"line":217,"column":30}},"217":{"start":{"line":218,"column":0},"end":{"line":218,"column":23}},"218":{"start":{"line":219,"column":0},"end":{"line":219,"column":29}},"219":{"start":{"line":220,"column":0},"end":{"line":220,"column":12}},"223":{"start":{"line":224,"column":0},"end":{"line":224,"column":19}},"224":{"start":{"line":225,"column":0},"end":{"line":225,"column":66}},"226":{"start":{"line":227,"column":0},"end":{"line":227,"column":31}},"228":{"start":{"line":229,"column":0},"end":{"line":229,"column":12}},"229":{"start":{"line":230,"column":0},"end":{"line":230,"column":10}},"235":{"start":{"line":236,"column":0},"end":{"line":236,"column":35}},"236":{"start":{"line":237,"column":0},"end":{"line":237,"column":61}},"238":{"start":{"line":239,"column":0},"end":{"line":239,"column":49}},"240":{"start":{"line":241,"column":0},"end":{"line":241,"column":12}},"241":{"start":{"line":242,"column":0},"end":{"line":242,"column":21}},"242":{"start":{"line":243,"column":0},"end":{"line":243,"column":27}},"243":{"start":{"line":244,"column":0},"end":{"line":244,"column":37}},"244":{"start":{"line":245,"column":0},"end":{"line":245,"column":81}},"245":{"start":{"line":246,"column":0},"end":{"line":246,"column":87}},"246":{"start":{"line":247,"column":0},"end":{"line":247,"column":87}},"247":{"start":{"line":248,"column":0},"end":{"line":248,"column":36}},"248":{"start":{"line":249,"column":0},"end":{"line":249,"column":40}},"249":{"start":{"line":250,"column":0},"end":{"line":250,"column":27}},"250":{"start":{"line":251,"column":0},"end":{"line":251,"column":32}},"251":{"start":{"line":252,"column":0},"end":{"line":252,"column":30}},"252":{"start":{"line":253,"column":0},"end":{"line":253,"column":44}},"253":{"start":{"line":254,"column":0},"end":{"line":254,"column":42}},"254":{"start":{"line":255,"column":0},"end":{"line":255,"column":44}},"255":{"start":{"line":256,"column":0},"end":{"line":256,"column":36}},"256":{"start":{"line":257,"column":0},"end":{"line":257,"column":13}},"258":{"start":{"line":259,"column":0},"end":{"line":259,"column":8}},"260":{"start":{"line":261,"column":0},"end":{"line":261,"column":4}},"265":{"start":{"line":266,"column":0},"end":{"line":266,"column":41}},"266":{"start":{"line":267,"column":0},"end":{"line":267,"column":23}},"267":{"start":{"line":268,"column":0},"end":{"line":268,"column":18}},"268":{"start":{"line":269,"column":0},"end":{"line":269,"column":25}},"269":{"start":{"line":270,"column":0},"end":{"line":270,"column":29}},"270":{"start":{"line":271,"column":0},"end":{"line":271,"column":38}},"271":{"start":{"line":272,"column":0},"end":{"line":272,"column":19}},"272":{"start":{"line":273,"column":0},"end":{"line":273,"column":9}},"274":{"start":{"line":275,"column":0},"end":{"line":275,"column":27}},"277":{"start":{"line":278,"column":0},"end":{"line":278,"column":18}},"278":{"start":{"line":279,"column":0},"end":{"line":279,"column":25}},"279":{"start":{"line":280,"column":0},"end":{"line":280,"column":29}},"280":{"start":{"line":281,"column":0},"end":{"line":281,"column":38}},"281":{"start":{"line":282,"column":0},"end":{"line":282,"column":19}},"282":{"start":{"line":283,"column":0},"end":{"line":283,"column":9}},"284":{"start":{"line":285,"column":0},"end":{"line":285,"column":27}},"287":{"start":{"line":288,"column":0},"end":{"line":288,"column":20}},"288":{"start":{"line":289,"column":0},"end":{"line":289,"column":27}},"289":{"start":{"line":290,"column":0},"end":{"line":290,"column":29}},"290":{"start":{"line":291,"column":0},"end":{"line":291,"column":40}},"291":{"start":{"line":292,"column":0},"end":{"line":292,"column":19}},"292":{"start":{"line":293,"column":0},"end":{"line":293,"column":9}},"294":{"start":{"line":295,"column":0},"end":{"line":295,"column":29}},"296":{"start":{"line":297,"column":0},"end":{"line":297,"column":24}},"302":{"start":{"line":303,"column":0},"end":{"line":303,"column":34}},"303":{"start":{"line":304,"column":0},"end":{"line":304,"column":56}},"305":{"start":{"line":306,"column":0},"end":{"line":306,"column":12}},"306":{"start":{"line":307,"column":0},"end":{"line":307,"column":11}},"307":{"start":{"line":308,"column":0},"end":{"line":308,"column":58}},"308":{"start":{"line":309,"column":0},"end":{"line":309,"column":77}},"309":{"start":{"line":310,"column":0},"end":{"line":310,"column":19}},"310":{"start":{"line":311,"column":0},"end":{"line":311,"column":35}},"311":{"start":{"line":312,"column":0},"end":{"line":312,"column":61}},"312":{"start":{"line":313,"column":0},"end":{"line":313,"column":42}},"313":{"start":{"line":314,"column":0},"end":{"line":314,"column":13}},"315":{"start":{"line":316,"column":0},"end":{"line":316,"column":21}},"316":{"start":{"line":317,"column":0},"end":{"line":317,"column":15}},"318":{"start":{"line":319,"column":0},"end":{"line":319,"column":53}},"319":{"start":{"line":320,"column":0},"end":{"line":320,"column":15}},"320":{"start":{"line":321,"column":0},"end":{"line":321,"column":29}},"321":{"start":{"line":322,"column":0},"end":{"line":322,"column":82}},"323":{"start":{"line":324,"column":0},"end":{"line":324,"column":21}},"324":{"start":{"line":325,"column":0},"end":{"line":325,"column":37}},"325":{"start":{"line":326,"column":0},"end":{"line":326,"column":57}},"327":{"start":{"line":328,"column":0},"end":{"line":328,"column":27}},"328":{"start":{"line":329,"column":0},"end":{"line":329,"column":23}},"329":{"start":{"line":330,"column":0},"end":{"line":330,"column":17}},"330":{"start":{"line":331,"column":0},"end":{"line":331,"column":13}},"332":{"start":{"line":333,"column":0},"end":{"line":333,"column":86}},"333":{"start":{"line":334,"column":0},"end":{"line":334,"column":19}},"334":{"start":{"line":335,"column":0},"end":{"line":335,"column":35}},"335":{"start":{"line":336,"column":0},"end":{"line":336,"column":61}},"336":{"start":{"line":337,"column":0},"end":{"line":337,"column":51}},"337":{"start":{"line":338,"column":0},"end":{"line":338,"column":13}},"339":{"start":{"line":340,"column":0},"end":{"line":340,"column":21}},"340":{"start":{"line":341,"column":0},"end":{"line":341,"column":15}},"341":{"start":{"line":342,"column":0},"end":{"line":342,"column":13}},"342":{"start":{"line":343,"column":0},"end":{"line":343,"column":12}},"344":{"start":{"line":345,"column":0},"end":{"line":345,"column":4}},"346":{"start":{"line":347,"column":0},"end":{"line":347,"column":16}},"347":{"start":{"line":348,"column":0},"end":{"line":348,"column":12}},"348":{"start":{"line":349,"column":0},"end":{"line":349,"column":40}},"349":{"start":{"line":350,"column":0},"end":{"line":350,"column":54}},"350":{"start":{"line":351,"column":0},"end":{"line":351,"column":62}},"351":{"start":{"line":352,"column":0},"end":{"line":352,"column":14}},"352":{"start":{"line":353,"column":0},"end":{"line":353,"column":12}},"354":{"start":{"line":355,"column":0},"end":{"line":355,"column":3}},"356":{"start":{"line":357,"column":0},"end":{"line":357,"column":10}},"357":{"start":{"line":358,"column":0},"end":{"line":358,"column":9}},"358":{"start":{"line":359,"column":0},"end":{"line":359,"column":29}},"359":{"start":{"line":360,"column":0},"end":{"line":360,"column":27}},"361":{"start":{"line":362,"column":0},"end":{"line":362,"column":40}},"362":{"start":{"line":363,"column":0},"end":{"line":363,"column":45}},"363":{"start":{"line":364,"column":0},"end":{"line":364,"column":41}},"364":{"start":{"line":365,"column":0},"end":{"line":365,"column":16}},"365":{"start":{"line":366,"column":0},"end":{"line":366,"column":35}},"366":{"start":{"line":367,"column":0},"end":{"line":367,"column":46}},"367":{"start":{"line":368,"column":0},"end":{"line":368,"column":24}},"368":{"start":{"line":369,"column":0},"end":{"line":369,"column":35}},"369":{"start":{"line":370,"column":0},"end":{"line":370,"column":48}},"370":{"start":{"line":371,"column":0},"end":{"line":371,"column":41}},"371":{"start":{"line":372,"column":0},"end":{"line":372,"column":37}},"372":{"start":{"line":373,"column":0},"end":{"line":373,"column":71}},"373":{"start":{"line":374,"column":0},"end":{"line":374,"column":22}},"374":{"start":{"line":375,"column":0},"end":{"line":375,"column":71}},"375":{"start":{"line":376,"column":0},"end":{"line":376,"column":20}},"376":{"start":{"line":377,"column":0},"end":{"line":377,"column":21}},"379":{"start":{"line":380,"column":0},"end":{"line":380,"column":40}},"380":{"start":{"line":381,"column":0},"end":{"line":381,"column":45}},"381":{"start":{"line":382,"column":0},"end":{"line":382,"column":32}},"382":{"start":{"line":383,"column":0},"end":{"line":383,"column":39}},"383":{"start":{"line":384,"column":0},"end":{"line":384,"column":67}},"385":{"start":{"line":386,"column":0},"end":{"line":386,"column":21}},"386":{"start":{"line":387,"column":0},"end":{"line":387,"column":17}},"388":{"start":{"line":389,"column":0},"end":{"line":389,"column":58}},"389":{"start":{"line":390,"column":0},"end":{"line":390,"column":17}},"390":{"start":{"line":391,"column":0},"end":{"line":391,"column":18}},"392":{"start":{"line":393,"column":0},"end":{"line":393,"column":17}},"393":{"start":{"line":394,"column":0},"end":{"line":394,"column":43}},"394":{"start":{"line":395,"column":0},"end":{"line":395,"column":18}},"395":{"start":{"line":396,"column":0},"end":{"line":396,"column":19}},"396":{"start":{"line":397,"column":0},"end":{"line":397,"column":70}},"397":{"start":{"line":398,"column":0},"end":{"line":398,"column":57}},"398":{"start":{"line":399,"column":0},"end":{"line":399,"column":17}},"400":{"start":{"line":401,"column":0},"end":{"line":401,"column":21}},"401":{"start":{"line":402,"column":0},"end":{"line":402,"column":19}},"403":{"start":{"line":404,"column":0},"end":{"line":404,"column":50}},"404":{"start":{"line":405,"column":0},"end":{"line":405,"column":34}},"405":{"start":{"line":406,"column":0},"end":{"line":406,"column":39}},"406":{"start":{"line":407,"column":0},"end":{"line":407,"column":24}},"407":{"start":{"line":408,"column":0},"end":{"line":408,"column":28}},"408":{"start":{"line":409,"column":0},"end":{"line":409,"column":39}},"409":{"start":{"line":410,"column":0},"end":{"line":410,"column":52}},"410":{"start":{"line":411,"column":0},"end":{"line":411,"column":60}},"411":{"start":{"line":412,"column":0},"end":{"line":412,"column":85}},"412":{"start":{"line":413,"column":0},"end":{"line":413,"column":24}},"413":{"start":{"line":414,"column":0},"end":{"line":414,"column":25}},"416":{"start":{"line":417,"column":0},"end":{"line":417,"column":44}},"417":{"start":{"line":418,"column":0},"end":{"line":418,"column":49}},"418":{"start":{"line":419,"column":0},"end":{"line":419,"column":37}},"419":{"start":{"line":420,"column":0},"end":{"line":420,"column":70}},"420":{"start":{"line":421,"column":0},"end":{"line":421,"column":56}},"422":{"start":{"line":423,"column":0},"end":{"line":423,"column":25}},"423":{"start":{"line":424,"column":0},"end":{"line":424,"column":21}},"425":{"start":{"line":426,"column":0},"end":{"line":426,"column":22}},"426":{"start":{"line":427,"column":0},"end":{"line":427,"column":44}},"427":{"start":{"line":428,"column":0},"end":{"line":428,"column":23}},"428":{"start":{"line":429,"column":0},"end":{"line":429,"column":21}},"429":{"start":{"line":430,"column":0},"end":{"line":430,"column":16}},"431":{"start":{"line":432,"column":0},"end":{"line":432,"column":18}},"432":{"start":{"line":433,"column":0},"end":{"line":433,"column":16}},"433":{"start":{"line":434,"column":0},"end":{"line":434,"column":12}},"435":{"start":{"line":436,"column":0},"end":{"line":436,"column":26}},"436":{"start":{"line":437,"column":0},"end":{"line":437,"column":10}},"438":{"start":{"line":439,"column":0},"end":{"line":439,"column":2}},"440":{"start":{"line":441,"column":0},"end":{"line":441,"column":40}}},"s":{"7":0,"8":0,"18":0,"87":0,"88":0,"89":0,"90":0,"91":0,"92":0,"93":0,"94":0,"95":0,"96":0,"97":0,"98":0,"99":0,"100":0,"101":0,"102":0,"103":0,"104":0,"105":0,"106":0,"107":0,"108":0,"109":0,"110":0,"115":0,"116":0,"117":0,"118":0,"119":0,"120":0,"121":0,"122":0,"123":0,"128":0,"129":0,"130":0,"131":0,"132":0,"133":0,"134":0,"139":0,"140":0,"141":0,"142":0,"143":0,"144":0,"146":0,"147":0,"148":0,"149":0,"151":0,"152":0,"153":0,"158":0,"159":0,"160":0,"165":0,"166":0,"167":0,"168":0,"169":0,"171":0,"173":0,"174":0,"175":0,"176":0,"177":0,"178":0,"179":0,"180":0,"181":0,"182":0,"183":0,"184":0,"185":0,"189":0,"190":0,"192":0,"196":0,"197":0,"199":0,"203":0,"204":0,"205":0,"206":0,"207":0,"208":0,"209":0,"211":0,"212":0,"213":0,"215":0,"216":0,"217":0,"218":0,"219":0,"223":0,"224":0,"226":0,"228":0,"229":0,"235":0,"236":0,"238":0,"240":0,"241":0,"242":0,"243":0,"244":0,"245":0,"246":0,"247":0,"248":0,"249":0,"250":0,"251":0,"252":0,"253":0,"254":0,"255":0,"256":0,"258":0,"260":0,"265":0,"266":0,"267":0,"268":0,"269":0,"270":0,"271":0,"272":0,"274":0,"277":0,"278":0,"279":0,"280":0,"281":0,"282":0,"284":0,"287":0,"288":0,"289":0,"290":0,"291":0,"292":0,"294":0,"296":0,"302":0,"303":0,"305":0,"306":0,"307":0,"308":0,"309":0,"310":0,"311":0,"312":0,"313":0,"315":0,"316":0,"318":0,"319":0,"320":0,"321":0,"323":0,"324":0,"325":0,"327":0,"328":0,"329":0,"330":0,"332":0,"333":0,"334":0,"335":0,"336":0,"337":0,"339":0,"340":0,"341":0,"342":0,"344":0,"346":0,"347":0,"348":0,"349":0,"350":0,"351":0,"352":0,"354":0,"356":0,"357":0,"358":0,"359":0,"361":0,"362":0,"363":0,"364":0,"365":0,"366":0,"367":0,"368":0,"369":0,"370":0,"371":0,"372":0,"373":0,"374":0,"375":0,"376":0,"379":0,"380":0,"381":0,"382":0,"383":0,"385":0,"386":0,"388":0,"389":0,"390":0,"392":0,"393":0,"394":0,"395":0,"396":0,"397":0,"398":0,"400":0,"401":0,"403":0,"404":0,"405":0,"406":0,"407":0,"408":0,"409":0,"410":0,"411":0,"412":0,"413":0,"416":0,"417":0,"418":0,"419":0,"420":0,"422":0,"423":0,"425":0,"426":0,"427":0,"428":0,"429":0,"431":0,"432":0,"433":0,"435":0,"436":0,"438":0,"440":0},"branchMap":{"0":{"type":"branch","line":1,"loc":{"start":{"line":1,"column":11701},"end":{"line":441,"column":40}},"locations":[{"start":{"line":1,"column":11701},"end":{"line":441,"column":40}}]}},"b":{"0":[1]},"fnMap":{"0":{"name":"(empty-report)","decl":{"start":{"line":1,"column":11701},"end":{"line":441,"column":40}},"loc":{"start":{"line":1,"column":11701},"end":{"line":441,"column":40}},"line":1}},"f":{"0":1}}
,"/Users/juan.bustamante/personal/zentraqms/frontend/src/components/common/PermissionGate.tsx": {"path":"/Users/juan.bustamante/personal/zentraqms/frontend/src/components/common/PermissionGate.tsx","all":true,"statementMap":{"7":{"start":{"line":8,"column":0},"end":{"line":8,"column":26}},"8":{"start":{"line":9,"column":0},"end":{"line":9,"column":46}},"57":{"start":{"line":58,"column":0},"end":{"line":58,"column":49}},"58":{"start":{"line":59,"column":0},"end":{"line":59,"column":72}},"59":{"start":{"line":60,"column":0},"end":{"line":60,"column":81}},"60":{"start":{"line":61,"column":0},"end":{"line":61,"column":57}},"61":{"start":{"line":62,"column":0},"end":{"line":62,"column":10}},"62":{"start":{"line":63,"column":0},"end":{"line":63,"column":8}},"68":{"start":{"line":69,"column":0},"end":{"line":69,"column":63}},"69":{"start":{"line":70,"column":0},"end":{"line":70,"column":11}},"70":{"start":{"line":71,"column":0},"end":{"line":71,"column":13}},"71":{"start":{"line":72,"column":0},"end":{"line":72,"column":19}},"72":{"start":{"line":73,"column":0},"end":{"line":73,"column":29}},"73":{"start":{"line":74,"column":0},"end":{"line":74,"column":7}},"74":{"start":{"line":75,"column":0},"end":{"line":75,"column":13}},"75":{"start":{"line":76,"column":0},"end":{"line":76,"column":23}},"76":{"start":{"line":77,"column":0},"end":{"line":77,"column":14}},"77":{"start":{"line":78,"column":0},"end":{"line":78,"column":18}},"78":{"start":{"line":79,"column":0},"end":{"line":79,"column":20}},"79":{"start":{"line":80,"column":0},"end":{"line":80,"column":22}},"80":{"start":{"line":81,"column":0},"end":{"line":81,"column":19}},"81":{"start":{"line":82,"column":0},"end":{"line":82,"column":21}},"82":{"start":{"line":83,"column":0},"end":{"line":83,"column":7}},"83":{"start":{"line":84,"column":0},"end":{"line":84,"column":9}},"84":{"start":{"line":85,"column":0},"end":{"line":85,"column":20}},"85":{"start":{"line":86,"column":0},"end":{"line":86,"column":33}},"86":{"start":{"line":87,"column":0},"end":{"line":87,"column":21}},"87":{"start":{"line":88,"column":0},"end":{"line":88,"column":16}},"88":{"start":{"line":89,"column":0},"end":{"line":89,"column":18}},"89":{"start":{"line":90,"column":0},"end":{"line":90,"column":21}},"90":{"start":{"line":91,"column":0},"end":{"line":91,"column":22}},"91":{"start":{"line":92,"column":0},"end":{"line":92,"column":12}},"92":{"start":{"line":93,"column":0},"end":{"line":93,"column":15}},"93":{"start":{"line":94,"column":0},"end":{"line":94,"column":16}},"94":{"start":{"line":95,"column":0},"end":{"line":95,"column":16}},"97":{"start":{"line":98,"column":0},"end":{"line":98,"column":50}},"99":{"start":{"line":100,"column":0},"end":{"line":100,"column":22}},"100":{"start":{"line":101,"column":0},"end":{"line":101,"column":53}},"101":{"start":{"line":102,"column":0},"end":{"line":102,"column":5}},"103":{"start":{"line":104,"column":0},"end":{"line":104,"column":33}},"106":{"start":{"line":107,"column":0},"end":{"line":107,"column":21}},"107":{"start":{"line":108,"column":0},"end":{"line":108,"column":45}},"108":{"start":{"line":109,"column":0},"end":{"line":109,"column":5}},"111":{"start":{"line":112,"column":0},"end":{"line":112,"column":33}},"112":{"start":{"line":113,"column":0},"end":{"line":113,"column":49}},"113":{"start":{"line":114,"column":0},"end":{"line":114,"column":5}},"116":{"start":{"line":117,"column":0},"end":{"line":117,"column":43}},"117":{"start":{"line":118,"column":0},"end":{"line":118,"column":60}},"118":{"start":{"line":119,"column":0},"end":{"line":119,"column":5}},"121":{"start":{"line":122,"column":0},"end":{"line":122,"column":15}},"122":{"start":{"line":123,"column":0},"end":{"line":123,"column":33}},"123":{"start":{"line":124,"column":0},"end":{"line":124,"column":5}},"126":{"start":{"line":127,"column":0},"end":{"line":127,"column":27}},"127":{"start":{"line":128,"column":0},"end":{"line":128,"column":37}},"128":{"start":{"line":129,"column":0},"end":{"line":129,"column":5}},"131":{"start":{"line":132,"column":0},"end":{"line":132,"column":37}},"132":{"start":{"line":133,"column":0},"end":{"line":133,"column":48}},"133":{"start":{"line":134,"column":0},"end":{"line":134,"column":5}},"136":{"start":{"line":137,"column":0},"end":{"line":137,"column":30}},"137":{"start":{"line":138,"column":0},"end":{"line":138,"column":18}},"138":{"start":{"line":139,"column":0},"end":{"line":139,"column":5}},"141":{"start":{"line":142,"column":0},"end":{"line":142,"column":40}},"142":{"start":{"line":143,"column":0},"end":{"line":143,"column":6}},"143":{"start":{"line":144,"column":0},"end":{"line":144,"column":16}},"144":{"start":{"line":145,"column":0},"end":{"line":145,"column":21}},"145":{"start":{"line":146,"column":0},"end":{"line":146,"column":14}},"146":{"start":{"line":147,"column":0},"end":{"line":147,"column":15}},"147":{"start":{"line":148,"column":0},"end":{"line":148,"column":16}},"148":{"start":{"line":149,"column":0},"end":{"line":149,"column":26}},"149":{"start":{"line":150,"column":0},"end":{"line":150,"column":9}},"150":{"start":{"line":151,"column":0},"end":{"line":151,"column":10}},"151":{"start":{"line":152,"column":0},"end":{"line":152,"column":20}},"152":{"start":{"line":153,"column":0},"end":{"line":153,"column":18}},"153":{"start":{"line":154,"column":0},"end":{"line":154,"column":21}},"154":{"start":{"line":155,"column":0},"end":{"line":155,"column":22}},"155":{"start":{"line":156,"column":0},"end":{"line":156,"column":12}},"156":{"start":{"line":157,"column":0},"end":{"line":157,"column":15}},"157":{"start":{"line":158,"column":0},"end":{"line":158,"column":16}},"158":{"start":{"line":159,"column":0},"end":{"line":159,"column":5}},"161":{"start":{"line":162,"column":0},"end":{"line":162,"column":40}},"162":{"start":{"line":163,"column":0},"end":{"line":163,"column":47}},"163":{"start":{"line":164,"column":0},"end":{"line":164,"column":3}},"166":{"start":{"line":167,"column":0},"end":{"line":167,"column":35}},"167":{"start":{"line":168,"column":0},"end":{"line":168,"column":84}},"168":{"start":{"line":169,"column":0},"end":{"line":169,"column":3}},"171":{"start":{"line":172,"column":0},"end":{"line":172,"column":18}},"172":{"start":{"line":173,"column":0},"end":{"line
[...]
67":{"start":{"line":368,"column":0},"end":{"line":368,"column":28}},"371":{"start":{"line":372,"column":0},"end":{"line":372,"column":15}},"372":{"start":{"line":373,"column":0},"end":{"line":373,"column":72}},"373":{"start":{"line":374,"column":0},"end":{"line":374,"column":54}},"374":{"start":{"line":375,"column":0},"end":{"line":375,"column":98}},"375":{"start":{"line":376,"column":0},"end":{"line":376,"column":67}},"377":{"start":{"line":378,"column":0},"end":{"line":378,"column":94}},"378":{"start":{"line":379,"column":0},"end":{"line":379,"column":3}},"383":{"start":{"line":384,"column":0},"end":{"line":384,"column":25}},"388":{"start":{"line":389,"column":0},"end":{"line":389,"column":5}},"389":{"start":{"line":390,"column":0},"end":{"line":390,"column":12}},"390":{"start":{"line":391,"column":0},"end":{"line":391,"column":45}},"391":{"start":{"line":392,"column":0},"end":{"line":392,"column":33}},"392":{"start":{"line":393,"column":0},"end":{"line":393,"column":61}},"393":{"start":{"line":394,"column":0},"end":{"line":394,"column":46}},"394":{"start":{"line":395,"column":0},"end":{"line":395,"column":6}},"395":{"start":{"line":396,"column":0},"end":{"line":396,"column":3}},"400":{"start":{"line":401,"column":0},"end":{"line":401,"column":32}},"401":{"start":{"line":402,"column":0},"end":{"line":402,"column":60}},"402":{"start":{"line":403,"column":0},"end":{"line":403,"column":54}},"403":{"start":{"line":404,"column":0},"end":{"line":404,"column":67}},"404":{"start":{"line":405,"column":0},"end":{"line":405,"column":64}},"405":{"start":{"line":406,"column":0},"end":{"line":406,"column":3}},"410":{"start":{"line":411,"column":0},"end":{"line":411,"column":38}},"411":{"start":{"line":412,"column":0},"end":{"line":412,"column":51}},"412":{"start":{"line":413,"column":0},"end":{"line":413,"column":33}},"414":{"start":{"line":415,"column":0},"end":{"line":415,"column":34}},"415":{"start":{"line":416,"column":0},"end":{"line":416,"column":51}},"417":{"start":{"line":418,"column":0},"end":{"line":418,"column":34}},"418":{"start":{"line":419,"column":0},"end":{"line":419,"column":3}},"423":{"start":{"line":424,"column":0},"end":{"line":424,"column":28}},"424":{"start":{"line":425,"column":0},"end":{"line":425,"column":49}},"425":{"start":{"line":426,"column":0},"end":{"line":426,"column":50}},"426":{"start":{"line":427,"column":0},"end":{"line":427,"column":46}},"427":{"start":{"line":428,"column":0},"end":{"line":428,"column":48}},"430":{"start":{"line":431,"column":0},"end":{"line":431,"column":25}},"431":{"start":{"line":432,"column":0},"end":{"line":432,"column":3}},"436":{"start":{"line":437,"column":0},"end":{"line":437,"column":32}},"437":{"start":{"line":438,"column":0},"end":{"line":438,"column":36}},"438":{"start":{"line":439,"column":0},"end":{"line":439,"column":55}},"439":{"start":{"line":440,"column":0},"end":{"line":440,"column":3}},"444":{"start":{"line":445,"column":0},"end":{"line":445,"column":25}},"448":{"start":{"line":449,"column":0},"end":{"line":449,"column":5}},"449":{"start":{"line":450,"column":0},"end":{"line":450,"column":12}},"450":{"start":{"line":451,"column":0},"end":{"line":451,"column":31}},"451":{"start":{"line":452,"column":0},"end":{"line":452,"column":27}},"452":{"start":{"line":453,"column":0},"end":{"line":453,"column":39}},"453":{"start":{"line":454,"column":0},"end":{"line":454,"column":6}},"454":{"start":{"line":455,"column":0},"end":{"line":455,"column":3}},"459":{"start":{"line":460,"column":0},"end":{"line":460,"column":28}},"463":{"start":{"line":464,"column":0},"end":{"line":464,"column":15}},"464":{"start":{"line":465,"column":0},"end":{"line":465,"column":53}},"465":{"start":{"line":466,"column":0},"end":{"line":466,"column":47}},"467":{"start":{"line":468,"column":0},"end":{"line":468,"column":30}},"468":{"start":{"line":469,"column":0},"end":{"line":469,"column":40}},"469":{"start":{"line":470,"column":0},"end":{"line":470,"column":59}},"470":{"start":{"line":471,"column":0},"end":{"line":471,"column":5}},"472":{"start":{"line":473,"column":0},"end":{"line":473,"column":56}},"473":{"start":{"line":474,"column":0},"end":{"line":474,"column":3}},"474":{"start":{"line":475,"column":0},"end":{"line":475,"column":1}},"479":{"start":{"line":480,"column":0},"end":{"line":480,"column":28}},"483":{"start":{"line":484,"column":0},"end":{"line":484,"column":79}},"484":{"start":{"line":485,"column":0},"end":{"line":485,"column":58}},"486":{"start":{"line":487,"column":0},"end":{"line":487,"column":70}},"487":{"start":{"line":488,"column":0},"end":{"line":488,"column":24}},"488":{"start":{"line":489,"column":0},"end":{"line":489,"column":7}},"489":{"start":{"line":490,"column":0},"end":{"line":490,"column":6}},"491":{"start":{"line":492,"column":0},"end":{"line":492,"column":60}},"494":{"start":{"line":495,"column":0},"end":{"line":495,"column":18}},"495":{"start":{"line":496,"column":0},"end":{"line":496,"column":65}},"496":{"start":{"line":497,"column":0},"end":{"line":497,"column":6}},"497":{"start":{"line":498,"column":0},"end":{"line":498,"column":3}},"502":{"start":{"line":503,"column":0},"end":{"line":503,"column":57}},"503":{"start":{"line":504,"column":0},"end":{"line":504,"column":44}},"504":{"start":{"line":505,"column":0},"end":{"line":505,"column":90}},"505":{"start":{"line":506,"column":0},"end":{"line":506,"column":54}},"506":{"start":{"line":507,"column":0},"end":{"line":507,"column":19}},"507":{"start":{"line":508,"column":0},"end":{"line":508,"column":7}},"508":{"start":{"line":509,"column":0},"end":{"line":509,"column":7}},"509":{"start":{"line":510,"column":0},"end":{"line":510,"column":3}},"514":{"start":{"line":515,"column":0},"end":{"line":515,"column":88}},"515":{"start":{"line":516,"column":0},"end":{"line":516,"column":47}},"516":{"start":{"line":517,"column":0},"end":{"line":517,"column":39}},"517":{"start":{"line":518,"column":0},"end":{"line":518,"column":59}},"518":{"start":{"line":519,"column":0},"end":{"line":519,"column":59}},"519":{"start":{"line":520,"column":0},"end":{"line":520,"column":32}},"520":{"start":{"line":521,"column":0},"end":{"line":521,"column":32}},"521":{"start":{"line":522,"column":0},"end":{"line":522,"column":7}},"523":{"start":{"line":524,"column":0},"end":{"line":524,"column":32}},"524":{"start":{"line":525,"column":0},"end":{"line":525,"column":3}},"525":{"start":{"line":526,"column":0},"end":{"line":526,"column":1}},"530":{"start":{"line":531,"column":0},"end":{"line":531,"column":27}},"534":{"start":{"line":535,"column":0},"end":{"line":535,"column":89}},"535":{"start":{"line":536,"column":0},"end":{"line":536,"column":9}},"536":{"start":{"line":537,"column":0},"end":{"line":537,"column":35}},"537":{"start":{"line":538,"column":0},"end":{"line":538,"column":41}},"538":{"start":{"line":539,"column":0},"end":{"line":539,"column":39}},"539":{"start":{"line":540,"column":0},"end":{"line":540,"column":34}},"540":{"start":{"line":541,"column":0},"end":{"line":541,"column":18}},"541":{"start":{"line":542,"column":0},"end":{"line":542,"column":13}},"542":{"start":{"line":543,"column":0},"end":{"line":543,"column":19}},"543":{"start":{"line":544,"column":0},"end":{"line":544,"column":5}},"544":{"start":{"line":545,"column":0},"end":{"line":545,"column":3}},"549":{"start":{"line":550,"column":0},"end":{"line":550,"column":78}},"550":{"start":{"line":551,"column":0},"end":{"line":551,"column":30}},"551":{"start":{"line":552,"column":0},"end":{"line":552,"column":54}},"552":{"start":{"line":553,"column":0},"end":{"line":553,"column":5}},"554":{"start":{"line":555,"column":0},"end":{"line":555,"column":9}},"556":{"start":{"line":557,"column":0},"end":{"line":557,"column":19}},"557":{"start":{"line":558,"column":0},"end":{"line":558,"column":39}},"558":{"start":{"line":559,"column":0},"end":{"line":559,"column":70}},"559":{"start":{"line":560,"column":0},"end":{"line":560,"column":56}},"560":{"start":{"line":561,"column":0},"end":{"line":561,"column":9}},"561":{"start":{"line":562,"column":0},"end":{"line":562,"column":7}},"564":{"start":{"line":565,"column":0},"end":{"line":565,"column":56}},"565":{"start":{"line":566,"column":0},"end":{"line":566,"column":50}},"567":{"start":{"line":568,"column":0},"end":{"line":568,"column":45}},"568":{"start":{"line":569,"column":0},"end":{"line":569,"column":21}},"569":{"start":{"line":570,"column":0},"end":{"line":570,"column":67}},"570":{"start":{"line":571,"column":0},"end":{"line":571,"column":54}},"571":{"start":{"line":572,"column":0},"end":{"line":572,"column":5}},"572":{"start":{"line":573,"column":0},"end":{"line":573,"column":3}},"577":{"start":{"line":578,"column":0},"end":{"line":578,"column":34}},"578":{"start":{"line":579,"column":0},"end":{"line":579,"column":34}},"579":{"start":{"line":580,"column":0},"end":{"line":580,"column":33}},"580":{"start":{"line":581,"column":0},"end":{"line":581,"column":3}},"581":{"start":{"line":582,"column":0},"end":{"line":582,"column":1}},"586":{"start":{"line":587,"column":0},"end":{"line":587,"column":23}}},"s":{"8":0,"22":0,"23":0,"24":0,"25":0,"26":0,"31":0,"32":0,"34":0,"35":0,"36":0,"41":0,"42":0,"43":0,"48":0,"49":0,"50":0,"55":0,"56":0,"57":0,"58":0,"59":0,"60":0,"61":0,"62":0,"67":0,"68":0,"69":0,"70":0,"71":0,"72":0,"73":0,"74":0,"79":0,"82":0,"83":0,"84":0,"85":0,"86":0,"91":0,"94":0,"95":0,"96":0,"97":0,"98":0,"103":0,"104":0,"105":0,"106":0,"107":0,"108":0,"110":0,"111":0,"112":0,"113":0,"114":0,"115":0,"116":0,"121":0,"122":0,"123":0,"124":0,"125":0,"127":0,"128":0,"129":0,"131":0,"132":0,"133":0,"134":0,"135":0,"136":0,"137":0,"142":0,"143":0,"144":0,"145":0,"146":0,"147":0,"148":0,"149":0,"150":0,"151":0,"152":0,"157":0,"158":0,"159":0,"160":0,"161":0,"162":0,"163":0,"164":0,"165":0,"166":0,"171":0,"172":0,"173":0,"174":0,"177":0,"178":0,"179":0,"180":0,"181":0,"182":0,"185":0,"186":0,"187":0,"188":0,"189":0,"194":0,"195":0,"196":0,"197":0,"199":0,"200":0,"201":0,"202":0,"203":0,"204":0,"205":0,"206":0,"207":0,"209":0,"210":0,"211":0,"212":0,"213":0,"214":0,"215":0,"220":0,"221":0,"222":0,"227":0,"231":0,"232":0,"233":0,"234":0,"235":0,"240":0,"241":0,"242":0,"244":0,"245":0,"246":0,"248":0,"249":0,"254":0,"255":0,"256":0,"261":0,"262":0,"263":0,"268":0,"269":0,"270":0,"275":0,"276":0,"277":0,"282":0,"283":0,"284":0,"289":0,"290":0,"291":0,"296":0,"297":0,"298":0,"303":0,"304":0,"305":0,"310":0,"311":0,"312":0,"317":0,"318":0,"319":0,"324":0,"325":0,"326":0,"331":0,"332":0,"333":0,"338":0,"339":0,"340":0,"345":0,"346":0,"347":0,"352":0,"353":0,"354":0,"359":0,"360":0,"361":0,"362":0,"367":0,"371":0,"372":0,"373":0,"374":0,"375":0,"377":0,"378":0,"383":0,"388":0,"389":0,"390":0,"391":0,"392":0,"393":0,"394":0,"395":0,"400":0,"401":0,"402":0,"403":0,"404":0,"405":0,"410":0,"411":0,"412":0,"414":0,"415":0,"417":0,"418":0,"423":0,"424":0,"425":0,"426":0,"427":0,"430":0,"431":0,"436":0,"437":0,"438":0,"439":0,"444":0,"448":0,"449":0,"450":0,"451":0,"452":0,"453":0,"454":0,"459":0,"463":0,"464":0,"465":0,"467":0,"468":0,"469":0,"470":0,"472":0,"473":0,"474":0,"479":0,"483":0,"484":0,"486":0,"487":0,"488":0,"489":0,"491":0,"494":0,"495":0,"496":0,"497":0,"502":0,"503":0,"504":0,"505":0,"506":0,"507":0,"508":0,"509":0,"514":0,"515":0,"516":0,"517":0,"518":0,"519":0,"520":0,"521":0,"523":0,"524":0,"525":0,"530":0,"534":0,"535":0,"536":0,"537":0,"538":0,"539":0,"540":0,"541":0,"542":0,"543":0,"544":0,"549":0,"550":0,"551":0,"552":0,"554":0,"556":0,"557":0,"558":0,"559":0,"560":0,"561":0,"564":0,"565":0,"567":0,"568":0,"569":0,"570":0,"571":0,"572":0,"577":0,"578":0,"579":0,"580":0,"581":0,"586":0},"branchMap":{"0":{"type":"branch","line":1,"loc":{"start":{"line":1,"column":15095},"end":{"line":587,"column":23}},"locations":[{"start":{"line":1,"column":15095},"end":{"line":587,"column":23}}]}},"b":{"0":[1]},"fnMap":{"0":{"name":"(empty-report)","decl":{"start":{"line":1,"column":15095},"end":{"line":587,"column":23}},"loc":{"start":{"line":1,"column":15095},"end":{"line":587,"column":23}},"line":1}},"f":{"0":1}}
,"/Users/juan.bustamante/personal/zentraqms/frontend/src/utils/test-auth.ts": {"path":"/Users/juan.bustamante/personal/zentraqms/frontend/src/utils/test-auth.ts","all":true,"statementMap":{"2":{"start":{"line":3,"column":0},"end":{"line":3,"column":29}},"4":{"start":{"line":5,"column":0},"end":{"line":5,"column":31}},"5":{"start":{"line":6,"column":0},"end":{"line":6,"column":44}},"6":{"start":{"line":7,"column":0},"end":{"line":7,"column":9}},"8":{"start":{"line":9,"column":0},"end":{"line":9,"column":77}},"9":{"start":{"line":10,"column":0},"end":{"line":10,"column":23}},"10":{"start":{"line":11,"column":0},"end":{"line":11,"column":56}},"11":{"start":{"line":12,"column":0},"end":{"line":12,"column":30}},"12":{"start":{"line":13,"column":0},"end":{"line":13,"column":37}},"13":{"start":{"line":14,"column":0},"end":{"line":14,"column":31}},"14":{"start":{"line":15,"column":0},"end":{"line":15,"column":10}},"15":{"start":{"line":16,"column":0},"end":{"line":16,"column":9}},"17":{"start":{"line":18,"column":0},"end":{"line":18,"column":41}},"18":{"start":{"line":19,"column":0},"end":{"line":19,"column":45}},"21":{"start":{"line":22,"column":0},"end":{"line":22,"column":40}},"22":{"start":{"line":23,"column":0},"end":{"line":23,"column":56}},"23":{"start":{"line":24,"column":0},"end":{"line":24,"column":20}},"24":{"start":{"line":25,"column":0},"end":{"line":25,"column":14}},"25":{"start":{"line":26,"column":0},"end":{"line":26,"column":47}},"26":{"start":{"line":27,"column":0},"end":{"line":27,"column":7}},"27":{"start":{"line":28,"column":0},"end":{"line":28,"column":21}},"28":{"start":{"line":29,"column":0},"end":{"line":29,"column":48}},"29":{"start":{"line":30,"column":0},"end":{"line":30,"column":5}},"30":{"start":{"line":31,"column":0},"end":{"line":31,"column":4}},"33":{"start":{"line":34,"column":0},"end":{"line":34,"column":52}},"34":{"start":{"line":35,"column":0},"end":{"line":35,"column":49}},"35":{"start":{"line":36,"column":0},"end":{"line":36,"column":9}},"36":{"start":{"line":37,"column":0},"end":{"line":37,"column":76}},"37":{"start":{"line":38,"column":0},"end":{"line":38,"column":18}},"38":{"start":{"line":39,"column":0},"end":{"line":39,"column":50}},"39":{"start":{"line":40,"column":0},"end":{"line":40,"column":9}},"40":{"start":{"line":41,"column":0},"end":{"line":41,"column":9}},"42":{"start":{"line":43,"column":0},"end":{"line":43,"column":24}},"43":{"start":{"line":44,"column":0},"end":{"line":44,"column":43}},"44":{"start":{"line":45,"column":0},"end":{"line":45,"column":49}},"45":{"start":{"line":46,"column":0},"end":{"line":46,"column":14}},"46":{"start":{"line":47,"column":0},"end":{"line":47,"column":62}},"47":{"start":{"line":48,"column":0},"end":{"line":48,"column":7}},"48":{"start":{"line":49,"column":0},"end":{"line":49,"column":21}},"49":{"start":{"line":50,"column":0},"end":{"line":50,"column":39}},"50":{"start":{"line":51,"column":0},"end":{"line":51,"column":5}},"51":{"start":{"line":52,"column":0},"end":{"line":52,"column":4}},"54":{"start":{"line":55,"column":0},"end":{"line":55,"column":48}},"55":{"start":{"line":56,"column":0},"end":{"line":56,"column":44}},"56":{"start":{"line":57,"column":0},"end":{"line":57,"column":9}},"57":{"start":{"line":58,"column":0},"end":{"line":58,"column":79}},"58":{"start":{"line":59,"column":0},"end":{"line":59,"column":23}},"59":{"start":{"line":60,"column":0},"end":{"line":60,"column":56}},"60":{"start":{"line":61,"column":0},"end":{"line":61,"column":55}},"61":{"start":{"line":62,"column":0},"end":{"line":62,"column":9}},"63":{"start":{"line":64,"column":0},"end":{"line":64,"column":24}},"64":{"start":{"line":65,"column":0},"end":{"line":65,"column":43}},"65":{"start":{"line":66,"column":0},"end":{"line":66,"column":58}},"66":{"start":{"line":67,"column":0},"end":{"line":67,"column":27}},"67":{"start":{"line":68,"column":0},"end":{"line":68,"column":14}},"68":{"start":{"line":69,"column":0},"end":{"line":69,"column":62}},"69":{"start":{"line":70,"column":0},"end":{"line":70,"column":7}},"70":{"start":{"line":71,"column":0},"end":{"line":71,"column":21}},"71":{"start":{"line":72,"column":0},"end":{"line":72,"column":39}},"72":{"start":{"line":73,"column":0},"end":{"line":73,"column":5}},"73":{"start":{"line":74,"column":0},"end":{"line":74,"column":4}},"76":{"start":{"line":77,"column":0},"end":{"line":77,"column":63}},"77":{"start":{"line":78,"column":0},"end":{"line":78,"column":37}},"78":{"start":{"line":79,"column":0},"end":{"line":79,"column":9}},"79":{"start":{"line":80,"column":0},"end":{"line":80,"column":78}},"80":{"start":{"line":81,"column":0},"end":{"line":81,"column":23}},"81":{"start":{"line":82,"column":0},"end":{"line":82,"column":18}},"82":{"start":{"line":83,"column":0},"end":{"line":83,"column":45}},"83":{"start":{"line":84,"column":0},"end":{"line":84,"column":50}},"84":{"start":{"line":85,"column":0},"end":{"line":85,"column":10}},"85":{"start":{"line":86,"column":0},"end":{"line":86,"column":55}},"86":{"start":{"line":87,"column":0},"end":{"line":87,"column":9}},"88":{"start":{"line":89,"column":0},"end":{"line":89,"column":24}},"89":{"start":{"line":90,"column":0},"end":{"line":90,"column":40}},"90":{"start":{"line":91,"column":0},"end":{"line":91,"column":14}},"91":{"start":{"line":92,"column":0},"end":{"line":92,"column":61}},"92":{"start":{"line":93,"column":0},"end":{"line":93,"column":7}},"93":{"start":{"line":94,"column":0},"end":{"line":94,"column":21}},"94":{"start":{"line":95,"column":0},"end":{"line":95,"column":39}},"95":{"start":{"line":96,"column":0},"end":{"line":96,"column":5}},"96":{"start":{"line":97,"column":0},"end":{"line":97,"column":4}},"99":{"start":{"line":100,"column":0},"end":{"line":100,"column":23}},"100":{"start":{"line":101,"column":0},"end":{"line":101,"column":69}},"103":{"start":{"line":104,"column":0},"end":{"line":104,"column":55}},"104":{"start":{"line":105,"column":0},"end":{"line":105,"column":27}},"106":{"start":{"line":107,"column":0},"end":{"line":107,"column":60}},"109":{"start":{"line":110,"column":0},"end":{"line":110,"column":55}},"111":{"start":{"line":112,"column":0},"end":{"line":112,"column":60}},"114":{"start":{"line":115,"column":0},"end":{"line":115,"column":68}},"116":{"start":{"line":117,"column":0},"end":{"line":117,"column":60}},"119":{"start":{"line":120,"column":0},"end":{"line":120,"column":75}},"121":{"start":{"line":122,"column":0},"end":{"line":122,"column":49}},"122":{"start":{"line":123,"column":0},"end":{"line":123,"column":3}},"123":{"start":{"line":124,"column":0},"end":{"line":124,"column":2}},"126":{"start":{"line":127,"column":0},"end":{"line":127,"column":26}},"127":{"start":{"line":128,"column":0},"end":{"line":128,"column":73}},"128":{"start":{"line":129,"column":0},"end":{"line":129,"column":85}},"129":{"start":{"line":130,"column":0},"end":{"line":130,"column":1}}},"s":{"2":0,"4":0,"5":0,"6":0,"8":0,"9":0,"10":0,"11":0,"12":0,"13":0,"14":0,"15":0,"17":0,"18":0,"21":0,"22":0,"23":0,"24":0,"25":0,"26":0,"27":0,"28":0,"29":0,"30":0,"33":0,"34":0,"35":0,"36":0,"37":0,"38":0,"39":0,"40":0,"42":0,"43":0,"44":0,"45":0,"46":0,"47":0,"48":0,"49":0,"50":0,"51":0,"54":0,"55":0,"56":0,"57":0,"58":0,"59":0,"60":0,"61":0,"63":0,"64":0,"65":0,"66":0,"67":0,"68":0,"69":0,"70":0,"71":0,"72":0,"73":0,"76":0,"77":0,"78":0,"79":0,"80":0,"81":0,"82":0,"83":0,"84":0,"85":0,"86":0,"88":0,"89":0,"90":0,"91":0,"92":0,"93":0,"94":0,"95":0,"96":0,"99":0,"100":0,"103":0,"104":0,"106":0,"109":0,"111":0,"114":0,"116":0,"119":0,"121":0,"122":0,"123":0,"126":0,"127":0,"128":0,"129":0},"branchMap":{"0":{"type":"branch","line":1,"loc":{"start":{"line":1,"column":3897},"end":{"line":130,"column":1}},"locations":[{"start":{"line":1,"column":3897},"end":{"line":130,"column":1}}]}},"b":{"0":[1]},"fnMap":{"0":{"name":"(empty-report)","decl":{"start":{"line":1,"column":3897},"end":{"line":130,"column":1}},"loc":{"start":{"line":1,"column":3897},"end":{"line":130,"column":1}},"line":1}},"f":{"0":1}}
}
